{"/Users/clairedonald/focusboard/src/app/App.tsx": {"path":"/Users/clairedonald/focusboard/src/app/App.tsx","statementMap":{"0":{"start":{"line":9,"column":26},"end":{"line":9,"column":null}},"1":{"start":{"line":10,"column":34},"end":{"line":10,"column":null}},"2":{"start":{"line":11,"column":42},"end":{"line":11,"column":null}},"3":{"start":{"line":12,"column":21},"end":{"line":12,"column":null}},"4":{"start":{"line":14,"column":2},"end":{"line":61,"column":null}},"5":{"start":{"line":33,"column":38},"end":{"line":33,"column":null}},"6":{"start":{"line":34,"column":39},"end":{"line":34,"column":null}},"7":{"start":{"line":35,"column":31},"end":{"line":35,"column":null}},"8":{"start":{"line":36,"column":30},"end":{"line":36,"column":null}},"9":{"start":{"line":44,"column":23},"end":{"line":44,"column":null}},"10":{"start":{"line":46,"column":10},"end":{"line":46,"column":null}},"11":{"start":{"line":47,"column":10},"end":{"line":47,"column":null}},"12":{"start":{"line":50,"column":10},"end":{"line":50,"column":null}},"13":{"start":{"line":51,"column":10},"end":{"line":51,"column":null}},"14":{"start":{"line":58,"column":23},"end":{"line":58,"column":null}},"15":{"start":{"line":59,"column":32},"end":{"line":59,"column":null}}},"fnMap":{"0":{"name":"App","decl":{"start":{"line":8,"column":24},"end":{"line":8,"column":30}},"loc":{"start":{"line":8,"column":30},"end":{"line":63,"column":null}},"line":8},"1":{"name":"(anonymous_1)","decl":{"start":{"line":33,"column":19},"end":{"line":33,"column":20}},"loc":{"start":{"line":33,"column":38},"end":{"line":33,"column":null}},"line":33},"2":{"name":"(anonymous_2)","decl":{"start":{"line":34,"column":20},"end":{"line":34,"column":21}},"loc":{"start":{"line":34,"column":39},"end":{"line":34,"column":null}},"line":34},"3":{"name":"(anonymous_3)","decl":{"start":{"line":35,"column":24},"end":{"line":35,"column":25}},"loc":{"start":{"line":35,"column":31},"end":{"line":35,"column":null}},"line":35},"4":{"name":"(anonymous_4)","decl":{"start":{"line":36,"column":24},"end":{"line":36,"column":30}},"loc":{"start":{"line":36,"column":30},"end":{"line":36,"column":null}},"line":36},"5":{"name":"(anonymous_5)","decl":{"start":{"line":44,"column":17},"end":{"line":44,"column":23}},"loc":{"start":{"line":44,"column":23},"end":{"line":44,"column":null}},"line":44},"6":{"name":"(anonymous_6)","decl":{"start":{"line":45,"column":16},"end":{"line":45,"column":17}},"loc":{"start":{"line":45,"column":26},"end":{"line":48,"column":null}},"line":45},"7":{"name":"(anonymous_7)","decl":{"start":{"line":49,"column":18},"end":{"line":49,"column":19}},"loc":{"start":{"line":49,"column":26},"end":{"line":52,"column":null}},"line":49},"8":{"name":"(anonymous_8)","decl":{"start":{"line":58,"column":17},"end":{"line":58,"column":23}},"loc":{"start":{"line":58,"column":23},"end":{"line":58,"column":null}},"line":58},"9":{"name":"(anonymous_9)","decl":{"start":{"line":59,"column":18},"end":{"line":59,"column":19}},"loc":{"start":{"line":59,"column":32},"end":{"line":59,"column":null}},"line":59}},"branchMap":{"0":{"loc":{"start":{"line":16,"column":7},"end":{"line":20,"column":null}},"type":"binary-expr","locations":[{"start":{"line":16,"column":7},"end":{"line":16,"column":null}},{"start":{"line":17,"column":8},"end":{"line":20,"column":null}}],"line":16},"1":{"loc":{"start":{"line":23,"column":7},"end":{"line":23,"column":null}},"type":"binary-expr","locations":[{"start":{"line":23,"column":7},"end":{"line":23,"column":22}},{"start":{"line":23,"column":22},"end":{"line":23,"column":null}}],"line":23},"2":{"loc":{"start":{"line":24,"column":7},"end":{"line":24,"column":null}},"type":"binary-expr","locations":[{"start":{"line":24,"column":7},"end":{"line":24,"column":22}},{"start":{"line":24,"column":22},"end":{"line":24,"column":null}}],"line":24},"3":{"loc":{"start":{"line":25,"column":7},"end":{"line":25,"column":null}},"type":"binary-expr","locations":[{"start":{"line":25,"column":7},"end":{"line":25,"column":22}},{"start":{"line":25,"column":22},"end":{"line":25,"column":null}}],"line":25}},"s":{"0":0,"1":0,"2":0,"3":0,"4":0,"5":0,"6":0,"7":0,"8":0,"9":0,"10":0,"11":0,"12":0,"13":0,"14":0,"15":0},"f":{"0":0,"1":0,"2":0,"3":0,"4":0,"5":0,"6":0,"7":0,"8":0,"9":0},"b":{"0":[0,0],"1":[0,0],"2":[0,0],"3":[0,0]},"meta":{"lastBranch":4,"lastFunction":10,"lastStatement":16,"seen":{"f:8:24:8:30":0,"s:9:26:9:Infinity":0,"s:10:34:10:Infinity":1,"s:11:42:11:Infinity":2,"s:12:21:12:Infinity":3,"s:14:2:61:Infinity":4,"b:16:7:16:Infinity:17:8:20:Infinity":0,"b:23:7:23:22:23:22:23:Infinity":1,"b:24:7:24:22:24:22:24:Infinity":2,"b:25:7:25:22:25:22:25:Infinity":3,"f:33:19:33:20":1,"s:33:38:33:Infinity":5,"f:34:20:34:21":2,"s:34:39:34:Infinity":6,"f:35:24:35:25":3,"s:35:31:35:Infinity":7,"f:36:24:36:30":4,"s:36:30:36:Infinity":8,"f:44:17:44:23":5,"s:44:23:44:Infinity":9,"f:45:16:45:17":6,"s:46:10:46:Infinity":10,"s:47:10:47:Infinity":11,"f:49:18:49:19":7,"s:50:10:50:Infinity":12,"s:51:10:51:Infinity":13,"f:58:17:58:23":8,"s:58:23:58:Infinity":14,"f:59:18:59:19":9,"s:59:32:59:Infinity":15}}}
,"/Users/clairedonald/focusboard/src/app/constants.ts": {"path":"/Users/clairedonald/focusboard/src/app/constants.ts","statementMap":{"0":{"start":{"line":3,"column":75},"end":{"line":10,"column":null}},"1":{"start":{"line":12,"column":59},"end":{"line":19,"column":null}},"2":{"start":{"line":21,"column":42},"end":{"line":40,"column":null}},"3":{"start":{"line":42,"column":31},"end":{"line":42,"column":null}}},"fnMap":{},"branchMap":{},"s":{"0":5,"1":5,"2":5,"3":5},"f":{},"b":{},"meta":{"lastBranch":0,"lastFunction":0,"lastStatement":4,"seen":{"s:3:75:10:Infinity":0,"s:12:59:19:Infinity":1,"s:21:42:40:Infinity":2,"s:42:31:42:Infinity":3}}}
,"/Users/clairedonald/focusboard/src/app/state.ts": {"path":"/Users/clairedonald/focusboard/src/app/state.ts","statementMap":{"0":{"start":{"line":15,"column":2},"end":{"line":52,"column":null}},"1":{"start":{"line":17,"column":25},"end":{"line":25,"column":null}},"2":{"start":{"line":26,"column":6},"end":{"line":26,"column":null}},"3":{"start":{"line":29,"column":6},"end":{"line":34,"column":null}},"4":{"start":{"line":32,"column":10},"end":{"line":32,"column":null}},"5":{"start":{"line":37,"column":6},"end":{"line":37,"column":null}},"6":{"start":{"line":37,"column":58},"end":{"line":37,"column":76}},"7":{"start":{"line":40,"column":6},"end":{"line":46,"column":null}},"8":{"start":{"line":43,"column":10},"end":{"line":43,"column":null}},"9":{"start":{"line":43,"column":34},"end":{"line":43,"column":null}},"10":{"start":{"line":44,"column":10},"end":{"line":44,"column":null}},"11":{"start":{"line":49,"column":6},"end":{"line":49,"column":null}},"12":{"start":{"line":51,"column":6},"end":{"line":51,"column":null}},"13":{"start":{"line":56,"column":28},"end":{"line":56,"column":null}},"14":{"start":{"line":58,"column":2},"end":{"line":60,"column":null}},"15":{"start":{"line":59,"column":4},"end":{"line":59,"column":null}},"16":{"start":{"line":62,"column":2},"end":{"line":62,"column":null}}},"fnMap":{"0":{"name":"reducer","decl":{"start":{"line":14,"column":9},"end":{"line":14,"column":17}},"loc":{"start":{"line":14,"column":60},"end":{"line":53,"column":null}},"line":14},"1":{"name":"(anonymous_1)","decl":{"start":{"line":31,"column":31},"end":{"line":31,"column":32}},"loc":{"start":{"line":32,"column":10},"end":{"line":32,"column":null}},"line":32},"2":{"name":"(anonymous_2)","decl":{"start":{"line":37,"column":51},"end":{"line":37,"column":52}},"loc":{"start":{"line":37,"column":58},"end":{"line":37,"column":76}},"line":37},"3":{"name":"(anonymous_3)","decl":{"start":{"line":42,"column":31},"end":{"line":42,"column":32}},"loc":{"start":{"line":42,"column":38},"end":{"line":45,"column":9}},"line":42},"4":{"name":"useAppState","decl":{"start":{"line":55,"column":16},"end":{"line":55,"column":30}},"loc":{"start":{"line":55,"column":30},"end":{"line":63,"column":null}},"line":55},"5":{"name":"(anonymous_5)","decl":{"start":{"line":58,"column":18},"end":{"line":58,"column":24}},"loc":{"start":{"line":58,"column":24},"end":{"line":60,"column":5}},"line":58}},"branchMap":{"0":{"loc":{"start":{"line":15,"column":2},"end":{"line":52,"column":null}},"type":"switch","locations":[{"start":{"line":16,"column":4},"end":{"line":27,"column":null}},{"start":{"line":28,"column":4},"end":{"line":35,"column":null}},{"start":{"line":36,"column":4},"end":{"line":38,"column":null}},{"start":{"line":39,"column":4},"end":{"line":47,"column":null}},{"start":{"line":48,"column":4},"end":{"line":49,"column":null}},{"start":{"line":50,"column":4},"end":{"line":51,"column":null}}],"line":15},"1":{"loc":{"start":{"line":32,"column":10},"end":{"line":32,"column":null}},"type":"cond-expr","locations":[{"start":{"line":32,"column":36},"end":{"line":32,"column":78}},{"start":{"line":32,"column":78},"end":{"line":32,"column":null}}],"line":32},"2":{"loc":{"start":{"line":43,"column":10},"end":{"line":43,"column":null}},"type":"if","locations":[{"start":{"line":43,"column":10},"end":{"line":43,"column":null}},{"start":{},"end":{}}],"line":43}},"s":{"0":45,"1":30,"2":30,"3":5,"4":7,"5":3,"6":5,"7":5,"8":5,"9":1,"10":4,"11":2,"12":0,"13":59,"14":59,"15":59,"16":59},"f":{"0":45,"1":7,"2":5,"3":5,"4":59,"5":59},"b":{"0":[30,5,3,5,2,0],"1":[5,2],"2":[1,4]},"meta":{"lastBranch":3,"lastFunction":6,"lastStatement":17,"seen":{"f:14:9:14:17":0,"b:16:4:27:Infinity:28:4:35:Infinity:36:4:38:Infinity:39:4:47:Infinity:48:4:49:Infinity:50:4:51:Infinity":0,"s:15:2:52:Infinity":0,"s:17:25:25:Infinity":1,"s:26:6:26:Infinity":2,"s:29:6:34:Infinity":3,"f:31:31:31:32":1,"s:32:10:32:Infinity":4,"b:32:36:32:78:32:78:32:Infinity":1,"s:37:6:37:Infinity":5,"f:37:51:37:52":2,"s:37:58:37:76":6,"s:40:6:46:Infinity":7,"f:42:31:42:32":3,"b:43:10:43:Infinity:undefined:undefined:undefined:undefined":2,"s:43:10:43:Infinity":8,"s:43:34:43:Infinity":9,"s:44:10:44:Infinity":10,"s:49:6:49:Infinity":11,"s:51:6:51:Infinity":12,"f:55:16:55:30":4,"s:56:28:56:Infinity":13,"s:58:2:60:Infinity":14,"f:58:18:58:24":5,"s:59:4:59:Infinity":15,"s:62:2:62:Infinity":16}}}
,"/Users/clairedonald/focusboard/src/app/storage.ts": {"path":"/Users/clairedonald/focusboard/src/app/storage.ts","statementMap":{"0":{"start":{"line":4,"column":12},"end":{"line":4,"column":null}},"1":{"start":{"line":7,"column":2},"end":{"line":32,"column":null}},"2":{"start":{"line":8,"column":16},"end":{"line":8,"column":null}},"3":{"start":{"line":9,"column":4},"end":{"line":9,"column":null}},"4":{"start":{"line":9,"column":14},"end":{"line":9,"column":null}},"5":{"start":{"line":10,"column":19},"end":{"line":10,"column":null}},"6":{"start":{"line":11,"column":4},"end":{"line":29,"column":null}},"7":{"start":{"line":31,"column":4},"end":{"line":31,"column":null}},"8":{"start":{"line":36,"column":2},"end":{"line":36,"column":null}}},"fnMap":{"0":{"name":"loadState","decl":{"start":{"line":6,"column":16},"end":{"line":6,"column":38}},"loc":{"start":{"line":6,"column":38},"end":{"line":33,"column":null}},"line":6},"1":{"name":"saveState","decl":{"start":{"line":35,"column":16},"end":{"line":35,"column":26}},"loc":{"start":{"line":35,"column":43},"end":{"line":37,"column":null}},"line":35}},"branchMap":{"0":{"loc":{"start":{"line":9,"column":4},"end":{"line":9,"column":null}},"type":"if","locations":[{"start":{"line":9,"column":4},"end":{"line":9,"column":null}},{"start":{},"end":{}}],"line":9},"1":{"loc":{"start":{"line":12,"column":13},"end":{"line":12,"column":null}},"type":"binary-expr","locations":[{"start":{"line":12,"column":13},"end":{"line":12,"column":29}},{"start":{"line":12,"column":29},"end":{"line":12,"column":null}}],"line":12},"2":{"loc":{"start":{"line":15,"column":12},"end":{"line":15,"column":null}},"type":"binary-expr","locations":[{"start":{"line":15,"column":12},"end":{"line":15,"column":31}},{"start":{"line":15,"column":31},"end":{"line":15,"column":null}}],"line":15},"3":{"loc":{"start":{"line":18,"column":14},"end":{"line":18,"column":null}},"type":"binary-expr","locations":[{"start":{"line":18,"column":14},"end":{"line":18,"column":38}},{"start":{"line":18,"column":38},"end":{"line":18,"column":null}}],"line":18},"4":{"loc":{"start":{"line":22,"column":14},"end":{"line":22,"column":null}},"type":"binary-expr","locations":[{"start":{"line":22,"column":14},"end":{"line":22,"column":47}},{"start":{"line":22,"column":47},"end":{"line":22,"column":null}}],"line":22},"5":{"loc":{"start":{"line":26,"column":14},"end":{"line":26,"column":null}},"type":"binary-expr","locations":[{"start":{"line":26,"column":14},"end":{"line":26,"column":46}},{"start":{"line":26,"column":46},"end":{"line":26,"column":null}}],"line":26}},"s":{"0":3,"1":46,"2":46,"3":46,"4":24,"5":22,"6":22,"7":3,"8":73},"f":{"0":46,"1":73},"b":{"0":[24,22],"1":[22,1],"2":[46,3],"3":[46,4],"4":[46,4],"5":[46,4]},"meta":{"lastBranch":6,"lastFunction":2,"lastStatement":9,"seen":{"s:4:12:4:Infinity":0,"f:6:16:6:38":0,"s:7:2:32:Infinity":1,"s:8:16:8:Infinity":2,"b:9:4:9:Infinity:undefined:undefined:undefined:undefined":0,"s:9:4:9:Infinity":3,"s:9:14:9:Infinity":4,"s:10:19:10:Infinity":5,"s:11:4:29:Infinity":6,"b:12:13:12:29:12:29:12:Infinity":1,"b:15:12:15:31:15:31:15:Infinity":2,"b:18:14:18:38:18:38:18:Infinity":3,"b:22:14:22:47:22:47:22:Infinity":4,"b:26:14:26:46:26:46:26:Infinity":5,"s:31:4:31:Infinity":7,"f:35:16:35:26":1,"s:36:2:36:Infinity":8}}}
,"/Users/clairedonald/focusboard/src/app/types.ts": {"path":"/Users/clairedonald/focusboard/src/app/types.ts","statementMap":{},"fnMap":{},"branchMap":{},"s":{},"f":{},"b":{},"meta":{"lastBranch":0,"lastFunction":0,"lastStatement":0,"seen":{}}}
,"/Users/clairedonald/focusboard/src/app/utils.ts": {"path":"/Users/clairedonald/focusboard/src/app/utils.ts","statementMap":{"0":{"start":{"line":3,"column":22},"end":{"line":3,"column":null}},"1":{"start":{"line":6,"column":2},"end":{"line":6,"column":null}},"2":{"start":{"line":6,"column":16},"end":{"line":6,"column":null}},"3":{"start":{"line":7,"column":12},"end":{"line":7,"column":null}},"4":{"start":{"line":8,"column":12},"end":{"line":8,"column":null}},"5":{"start":{"line":9,"column":2},"end":{"line":12,"column":null}},"6":{"start":{"line":17,"column":40},"end":{"line":24,"column":null}},"7":{"start":{"line":25,"column":2},"end":{"line":25,"column":null}},"8":{"start":{"line":25,"column":25},"end":{"line":25,"column":null}},"9":{"start":{"line":26,"column":2},"end":{"line":26,"column":null}}},"fnMap":{"0":{"name":"(anonymous_0)","decl":{"start":{"line":3,"column":22},"end":{"line":3,"column":28}},"loc":{"start":{"line":3,"column":22},"end":{"line":3,"column":null}},"line":3},"1":{"name":"isToday","decl":{"start":{"line":5,"column":16},"end":{"line":5,"column":24}},"loc":{"start":{"line":5,"column":42},"end":{"line":14,"column":null}},"line":5},"2":{"name":"groupByColumn","decl":{"start":{"line":16,"column":16},"end":{"line":16,"column":30}},"loc":{"start":{"line":16,"column":45},"end":{"line":27,"column":null}},"line":16}},"branchMap":{"0":{"loc":{"start":{"line":6,"column":2},"end":{"line":6,"column":null}},"type":"if","locations":[{"start":{"line":6,"column":2},"end":{"line":6,"column":null}},{"start":{},"end":{}}],"line":6},"1":{"loc":{"start":{"line":10,"column":4},"end":{"line":12,"column":null}},"type":"binary-expr","locations":[{"start":{"line":10,"column":4},"end":{"line":10,"column":null}},{"start":{"line":11,"column":4},"end":{"line":11,"column":null}},{"start":{"line":12,"column":4},"end":{"line":12,"column":null}}],"line":10}},"s":{"0":73,"1":63,"2":48,"3":15,"4":15,"5":15,"6":27,"7":27,"8":1069,"9":27},"f":{"0":73,"1":63,"2":27},"b":{"0":[48,15],"1":[15,12,11]},"meta":{"lastBranch":2,"lastFunction":3,"lastStatement":10,"seen":{"s:3:22:3:Infinity":0,"f:3:22:3:28":0,"f:5:16:5:24":1,"b:6:2:6:Infinity:undefined:undefined:undefined:undefined":0,"s:6:2:6:Infinity":1,"s:6:16:6:Infinity":2,"s:7:12:7:Infinity":3,"s:8:12:8:Infinity":4,"s:9:2:12:Infinity":5,"b:10:4:10:Infinity:11:4:11:Infinity:12:4:12:Infinity":1,"f:16:16:16:30":2,"s:17:40:24:Infinity":6,"s:25:2:25:Infinity":7,"s:25:25:25:Infinity":8,"s:26:2:26:Infinity":9}}}
,"/Users/clairedonald/focusboard/src/components/Board.tsx": {"path":"/Users/clairedonald/focusboard/src/components/Board.tsx","statementMap":{"0":{"start":{"line":13,"column":32},"end":{"line":13,"column":null}},"1":{"start":{"line":14,"column":2},"end":{"line":20,"column":null}},"2":{"start":{"line":15,"column":15},"end":{"line":15,"column":null}},"3":{"start":{"line":16,"column":21},"end":{"line":16,"column":null}},"4":{"start":{"line":16,"column":27},"end":{"line":16,"column":null}},"5":{"start":{"line":17,"column":4},"end":{"line":17,"column":null}},"6":{"start":{"line":18,"column":4},"end":{"line":18,"column":null}},"7":{"start":{"line":19,"column":4},"end":{"line":19,"column":null}},"8":{"start":{"line":19,"column":17},"end":{"line":19,"column":null}},"9":{"start":{"line":21,"column":2},"end":{"line":21,"column":null}},"10":{"start":{"line":39,"column":24},"end":{"line":39,"column":null}},"11":{"start":{"line":41,"column":8},"end":{"line":41,"column":null}},"12":{"start":{"line":42,"column":20},"end":{"line":42,"column":null}},"13":{"start":{"line":43,"column":23},"end":{"line":43,"column":null}},"14":{"start":{"line":44,"column":24},"end":{"line":44,"column":null}},"15":{"start":{"line":44,"column":38},"end":{"line":44,"column":62}},"16":{"start":{"line":46,"column":19},"end":{"line":52,"column":null}},"17":{"start":{"line":47,"column":4},"end":{"line":47,"column":null}},"18":{"start":{"line":47,"column":26},"end":{"line":47,"column":null}},"19":{"start":{"line":48,"column":4},"end":{"line":48,"column":null}},"20":{"start":{"line":48,"column":24},"end":{"line":48,"column":null}},"21":{"start":{"line":49,"column":4},"end":{"line":49,"column":null}},"22":{"start":{"line":49,"column":25},"end":{"line":49,"column":null}},"23":{"start":{"line":50,"column":4},"end":{"line":50,"column":null}},"24":{"start":{"line":50,"column":27},"end":{"line":50,"column":null}},"25":{"start":{"line":51,"column":4},"end":{"line":51,"column":null}},"26":{"start":{"line":54,"column":21},"end":{"line":59,"column":null}},"27":{"start":{"line":55,"column":18},"end":{"line":55,"column":null}},"28":{"start":{"line":56,"column":18},"end":{"line":56,"column":null}},"29":{"start":{"line":57,"column":4},"end":{"line":57,"column":null}},"30":{"start":{"line":57,"column":16},"end":{"line":57,"column":null}},"31":{"start":{"line":58,"column":4},"end":{"line":58,"column":null}},"32":{"start":{"line":61,"column":22},"end":{"line":68,"column":null}},"33":{"start":{"line":62,"column":18},"end":{"line":62,"column":null}},"34":{"start":{"line":63,"column":4},"end":{"line":63,"column":null}},"35":{"start":{"line":63,"column":16},"end":{"line":63,"column":null}},"36":{"start":{"line":64,"column":18},"end":{"line":64,"column":null}},"37":{"start":{"line":65,"column":4},"end":{"line":65,"column":null}},"38":{"start":{"line":65,"column":24},"end":{"line":65,"column":null}},"39":{"start":{"line":66,"column":4},"end":{"line":66,"column":null}},"40":{"start":{"line":66,"column":30},"end":{"line":66,"column":null}},"41":{"start":{"line":67,"column":4},"end":{"line":67,"column":null}},"42":{"start":{"line":71,"column":18},"end":{"line":71,"column":null}},"43":{"start":{"line":72,"column":20},"end":{"line":75,"column":null}},"44":{"start":{"line":73,"column":4},"end":{"line":74,"column":null}},"45":{"start":{"line":73,"column":13},"end":{"line":73,"column":null}},"46":{"start":{"line":74,"column":9},"end":{"line":74,"column":null}},"47":{"start":{"line":78,"column":34},"end":{"line":82,"column":null}},"48":{"start":{"line":83,"column":27},"end":{"line":83,"column":null}},"49":{"start":{"line":86,"column":28},"end":{"line":95,"column":null}},"50":{"start":{"line":97,"column":21},"end":{"line":97,"column":null}},"51":{"start":{"line":99,"column":23},"end":{"line":101,"column":null}},"52":{"start":{"line":100,"column":4},"end":{"line":100,"column":null}},"53":{"start":{"line":103,"column":33},"end":{"line":105,"column":null}},"54":{"start":{"line":104,"column":4},"end":{"line":104,"column":null}},"55":{"start":{"line":107,"column":34},"end":{"line":123,"column":null}},"56":{"start":{"line":108,"column":4},"end":{"line":108,"column":null}},"57":{"start":{"line":108,"column":23},"end":{"line":108,"column":null}},"58":{"start":{"line":109,"column":4},"end":{"line":109,"column":null}},"59":{"start":{"line":109,"column":32},"end":{"line":109,"column":null}},"60":{"start":{"line":110,"column":4},"end":{"line":110,"column":null}},"61":{"start":{"line":110,"column":46},"end":{"line":110,"column":null}},"62":{"start":{"line":112,"column":16},"end":{"line":112,"column":null}},"63":{"start":{"line":113,"column":4},"end":{"line":113,"column":null}},"64":{"start":{"line":113,"column":47},"end":{"line":113,"column":null}},"65":{"start":{"line":114,"column":4},"end":{"line":114,"column":null}},"66":{"start":{"line":116,"column":15},"end":{"line":116,"column":null}},"67":{"start":{"line":117,"column":17},"end":{"line":117,"column":null}},"68":{"start":{"line":118,"column":14},"end":{"line":118,"column":null}},"69":{"start":{"line":119,"column":14},"end":{"line":119,"column":null}},"70":{"start":{"line":121,"column":4},"end":{"line":121,"column":null}},"71":{"start":{"line":122,"column":4},"end":{"line":122,"column":null}},"72":{"start":{"line":122,"column":28},"end":{"line":122,"column":75}},"73":{"start":{"line":122,"column":48},"end":{"line":122,"column":72}},"74":{"start":{"line":125,"column":26},"end":{"line":132,"column":null}},"75":{"start":{"line":126,"column":15},"end":{"line":126,"column":null}},"76":{"start":{"line":127,"column":4},"end":{"line":127,"column":null}},"77":{"start":{"line":127,"column":13},"end":{"line":127,"column":null}},"78":{"start":{"line":128,"column":4},"end":{"line":128,"column":null}},"79":{"start":{"line":129,"column":4},"end":{"line":129,"column":null}},"80":{"start":{"line":130,"column":4},"end":{"line":130,"column":null}},"81":{"start":{"line":131,"column":4},"end":{"line":131,"column":null}},"82":{"start":{"line":131,"column":28},"end":{"line":131,"column":66}},"83":{"start":{"line":134,"column":24},"end":{"line":137,"column":null}},"84":{"start":{"line":135,"column":4},"end":{"line":135,"column":null}},"85":{"start":{"line":135,"column":45},"end":{"line":135,"column":null}},"86":{"start":{"line":136,"column":4},"end":{"line":136,"column":null}},"87":{"start":{"line":139,"column":25},"end":{"line":143,"column":null}},"88":{"start":{"line":140,"column":18},"end":{"line":140,"column":null}},"89":{"start":{"line":141,"column":4},"end":{"line":141,"column":null}},"90":{"start":{"line":141,"column":16},"end":{"line":141,"column":null}},"91":{"start":{"line":142,"column":4},"end":{"line":142,"column":null}},"92":{"start":{"line":145,"column":20},"end":{"line":185,"column":null}},"93":{"start":{"line":146,"column":19},"end":{"line":146,"column":null}},"94":{"start":{"line":147,"column":15},"end":{"line":147,"column":null}},"95":{"start":{"line":148,"column":4},"end":{"line":148,"column":null}},"96":{"start":{"line":148,"column":13},"end":{"line":148,"column":null}},"97":{"start":{"line":150,"column":17},"end":{"line":150,"column":null}},"98":{"start":{"line":150,"column":35},"end":{"line":150,"column":50}},"99":{"start":{"line":151,"column":4},"end":{"line":151,"column":null}},"100":{"start":{"line":151,"column":15},"end":{"line":151,"column":null}},"101":{"start":{"line":152,"column":17},"end":{"line":152,"column":null}},"102":{"start":{"line":154,"column":4},"end":{"line":154,"column":null}},"103":{"start":{"line":154,"column":21},"end":{"line":154,"column":null}},"104":{"start":{"line":157,"column":4},"end":{"line":161,"column":null}},"105":{"start":{"line":158,"column":6},"end":{"line":158,"column":null}},"106":{"start":{"line":159,"column":6},"end":{"line":159,"column":null}},"107":{"start":{"line":160,"column":6},"end":{"line":160,"column":null}},"108":{"start":{"line":164,"column":4},"end":{"line":168,"column":null}},"109":{"start":{"line":165,"column":6},"end":{"line":165,"column":null}},"110":{"start":{"line":166,"column":6},"end":{"line":166,"column":null}},"111":{"start":{"line":167,"column":6},"end":{"line":167,"column":null}},"112":{"start":{"line":171,"column":4},"end":{"line":176,"column":null}},"113":{"start":{"line":172,"column":28},"end":{"line":172,"column":null}},"114":{"start":{"line":173,"column":6},"end":{"line":173,"column":null}},"115":{"start":{"line":174,"column":6},"end":{"line":174,"column":null}},"116":{"start":{"line":175,"column":6},"end":{"line":175,"column":null}},"117":{"start":{"line":179,"column":4},"end":{"line":179,"column":null}},"118":{"start":{"line":180,"column":4},"end":{"line":184,"column":null}},"119":{"start":{"line":181,"column":6},"end":{"line":181,"column":null}},"120":{"start":{"line":181,"column":45},"end":{"line":181,"column":null}},"121":{"start":{"line":183,"column":6},"end":{"line":183,"column":null}},"122":{"start":{"line":187,"column":2},"end":{"line":301,"column":null}},"123":{"start":{"line":209,"column":12},"end":{"line":227,"column":null}},"124":{"start":{"line":250,"column":24},"end":{"line":250,"column":null}},"125":{"start":{"line":252,"column":26},"end":{"line":252,"column":null}},"126":{"start":{"line":253,"column":10},"end":{"line":253,"column":null}},"127":{"start":{"line":253,"column":34},"end":{"line":253,"column":null}},"128":{"start":{"line":255,"column":10},"end":{"line":259,"column":null}},"129":{"start":{"line":256,"column":12},"end":{"line":256,"column":null}},"130":{"start":{"line":257,"column":12},"end":{"line":257,"column":null}},"131":{"start":{"line":258,"column":12},"end":{"line":258,"column":null}},"132":{"start":{"line":261,"column":10},"end":{"line":265,"column":null}},"133":{"start":{"line":262,"column":12},"end":{"line":262,"column":null}},"134":{"start":{"line":263,"column":12},"end":{"line":263,"column":null}},"135":{"start":{"line":264,"column":12},"end":{"line":264,"column":null}},"136":{"start":{"line":268,"column":10},"end":{"line":271,"column":null}},"137":{"start":{"line":273,"column":10},"end":{"line":277,"column":null}},"138":{"start":{"line":274,"column":12},"end":{"line":274,"column":null}},"139":{"start":{"line":274,"column":67},"end":{"line":274,"column":null}},"140":{"start":{"line":276,"column":12},"end":{"line":276,"column":null}},"141":{"start":{"line":279,"column":10},"end":{"line":279,"column":null}},"142":{"start":{"line":280,"column":10},"end":{"line":280,"column":null}},"143":{"start":{"line":291,"column":24},"end":{"line":291,"column":null}},"144":{"start":{"line":293,"column":26},"end":{"line":293,"column":null}},"145":{"start":{"line":294,"column":10},"end":{"line":294,"column":null}},"146":{"start":{"line":294,"column":24},"end":{"line":294,"column":null}},"147":{"start":{"line":295,"column":10},"end":{"line":295,"column":null}},"148":{"start":{"line":296,"column":10},"end":{"line":296,"column":null}},"149":{"start":{"line":297,"column":10},"end":{"line":297,"column":null}}},"fnMap":{"0":{"name":"usePrefersReducedMotion","decl":{"start":{"line":12,"column":9},"end":{"line":12,"column":35}},"loc":{"start":{"line":12,"column":35},"end":{"line":22,"column":null}},"line":12},"1":{"name":"(anonymous_1)","decl":{"start":{"line":14,"column":18},"end":{"line":14,"column":24}},"loc":{"start":{"line":14,"column":24},"end":{"line":20,"column":5}},"line":14},"2":{"name":"(anonymous_2)","decl":{"start":{"line":16,"column":21},"end":{"line":16,"column":27}},"loc":{"start":{"line":16,"column":27},"end":{"line":16,"column":null}},"line":16},"3":{"name":"(anonymous_3)","decl":{"start":{"line":19,"column":11},"end":{"line":19,"column":17}},"loc":{"start":{"line":19,"column":17},"end":{"line":19,"column":null}},"line":19},"4":{"name":"Board","decl":{"start":{"line":24,"column":16},"end":{"line":24,"column":22}},"loc":{"start":{"line":38,"column":3},"end":{"line":303,"column":null}},"line":38},"5":{"name":"(anonymous_5)","decl":{"start":{"line":44,"column":37},"end":{"line":44,"column":38}},"loc":{"start":{"line":44,"column":38},"end":{"line":44,"column":62}},"line":44},"6":{"name":"(anonymous_6)","decl":{"start":{"line":46,"column":19},"end":{"line":46,"column":20}},"loc":{"start":{"line":46,"column":53},"end":{"line":52,"column":null}},"line":46},"7":{"name":"(anonymous_7)","decl":{"start":{"line":54,"column":21},"end":{"line":54,"column":22}},"loc":{"start":{"line":54,"column":40},"end":{"line":59,"column":null}},"line":54},"8":{"name":"(anonymous_8)","decl":{"start":{"line":61,"column":22},"end":{"line":61,"column":23}},"loc":{"start":{"line":61,"column":69},"end":{"line":68,"column":null}},"line":61},"9":{"name":"(anonymous_9)","decl":{"start":{"line":72,"column":20},"end":{"line":72,"column":21}},"loc":{"start":{"line":72,"column":60},"end":{"line":75,"column":null}},"line":72},"10":{"name":"(anonymous_10)","decl":{"start":{"line":99,"column":23},"end":{"line":99,"column":24}},"loc":{"start":{"line":99,"column":97},"end":{"line":101,"column":null}},"line":99},"11":{"name":"(anonymous_11)","decl":{"start":{"line":103,"column":33},"end":{"line":103,"column":34}},"loc":{"start":{"line":103,"column":83},"end":{"line":105,"column":null}},"line":103},"12":{"name":"(anonymous_12)","decl":{"start":{"line":107,"column":34},"end":{"line":107,"column":35}},"loc":{"start":{"line":107,"column":84},"end":{"line":123,"column":null}},"line":107},"13":{"name":"(anonymous_13)","decl":{"start":{"line":122,"column":22},"end":{"line":122,"column":28}},"loc":{"start":{"line":122,"column":28},"end":{"line":122,"column":75}},"line":122},"14":{"name":"(anonymous_14)","decl":{"start":{"line":122,"column":40},"end":{"line":122,"column":41}},"loc":{"start":{"line":122,"column":48},"end":{"line":122,"column":72}},"line":122},"15":{"name":"(anonymous_15)","decl":{"start":{"line":125,"column":26},"end":{"line":125,"column":32}},"loc":{"start":{"line":125,"column":32},"end":{"line":132,"column":null}},"line":125},"16":{"name":"(anonymous_16)","decl":{"start":{"line":131,"column":22},"end":{"line":131,"column":28}},"loc":{"start":{"line":131,"column":28},"end":{"line":131,"column":66}},"line":131},"17":{"name":"(anonymous_17)","decl":{"start":{"line":134,"column":24},"end":{"line":134,"column":25}},"loc":{"start":{"line":134,"column":58},"end":{"line":137,"column":null}},"line":134},"18":{"name":"(anonymous_18)","decl":{"start":{"line":139,"column":25},"end":{"line":139,"column":26}},"loc":{"start":{"line":139,"column":43},"end":{"line":143,"column":null}},"line":139},"19":{"name":"(anonymous_19)","decl":{"start":{"line":145,"column":20},"end":{"line":145,"column":21}},"loc":{"start":{"line":145,"column":41},"end":{"line":185,"column":null}},"line":145},"20":{"name":"(anonymous_20)","decl":{"start":{"line":150,"column":28},"end":{"line":150,"column":29}},"loc":{"start":{"line":150,"column":35},"end":{"line":150,"column":50}},"line":150},"21":{"name":"(anonymous_21)","decl":{"start":{"line":208,"column":23},"end":{"line":208,"column":24}},"loc":{"start":{"line":209,"column":12},"end":{"line":227,"column":null}},"line":209},"22":{"name":"(anonymous_22)","decl":{"start":{"line":250,"column":18},"end":{"line":250,"column":24}},"loc":{"start":{"line":250,"column":24},"end":{"line":250,"column":null}},"line":250},"23":{"name":"(anonymous_23)","decl":{"start":{"line":251,"column":19},"end":{"line":251,"column":20}},"loc":{"start":{"line":251,"column":31},"end":{"line":281,"column":null}},"line":251},"24":{"name":"(anonymous_24)","decl":{"start":{"line":291,"column":18},"end":{"line":291,"column":24}},"loc":{"start":{"line":291,"column":24},"end":{"line":291,"column":null}},"line":291},"25":{"name":"(anonymous_25)","decl":{"start":{"line":292,"column":19},"end":{"line":292,"column":20}},"loc":{"start":{"line":292,"column":31},"end":{"line":298,"column":null}},"line":292}},"branchMap":{"0":{"loc":{"start":{"line":39,"column":24},"end":{"line":39,"column":null}},"type":"binary-expr","locations":[{"start":{"line":39,"column":24},"end":{"line":39,"column":53}},{"start":{"line":39,"column":53},"end":{"line":39,"column":null}}],"line":39},"1":{"loc":{"start":{"line":47,"column":4},"end":{"line":47,"column":null}},"type":"if","locations":[{"start":{"line":47,"column":4},"end":{"line":47,"column":null}},{"start":{},"end":{}}],"line":47},"2":{"loc":{"start":{"line":48,"column":4},"end":{"line":48,"column":null}},"type":"if","locations":[{"start":{"line":48,"column":4},"end":{"line":48,"column":null}},{"start":{},"end":{}}],"line":48},"3":{"loc":{"start":{"line":49,"column":4},"end":{"line":49,"column":null}},"type":"if","locations":[{"start":{"line":49,"column":4},"end":{"line":49,"column":null}},{"start":{},"end":{}}],"line":49},"4":{"loc":{"start":{"line":50,"column":4},"end":{"line":50,"column":null}},"type":"if","locations":[{"start":{"line":50,"column":4},"end":{"line":50,"column":null}},{"start":{},"end":{}}],"line":50},"5":{"loc":{"start":{"line":57,"column":4},"end":{"line":57,"column":null}},"type":"if","locations":[{"start":{"line":57,"column":4},"end":{"line":57,"column":null}},{"start":{},"end":{}}],"line":57},"6":{"loc":{"start":{"line":63,"column":4},"end":{"line":63,"column":null}},"type":"if","locations":[{"start":{"line":63,"column":4},"end":{"line":63,"column":null}},{"start":{},"end":{}}],"line":63},"7":{"loc":{"start":{"line":65,"column":4},"end":{"line":65,"column":null}},"type":"if","locations":[{"start":{"line":65,"column":4},"end":{"line":65,"column":null}},{"start":{},"end":{}}],"line":65},"8":{"loc":{"start":{"line":66,"column":4},"end":{"line":66,"column":null}},"type":"if","locations":[{"start":{"line":66,"column":4},"end":{"line":66,"column":null}},{"start":{},"end":{}}],"line":66},"9":{"loc":{"start":{"line":73,"column":4},"end":{"line":74,"column":null}},"type":"if","locations":[{"start":{"line":73,"column":4},"end":{"line":74,"column":null}},{"start":{"line":74,"column":9},"end":{"line":74,"column":null}}],"line":73},"10":{"loc":{"start":{"line":108,"column":4},"end":{"line":108,"column":null}},"type":"if","locations":[{"start":{"line":108,"column":4},"end":{"line":108,"column":null}},{"start":{},"end":{}}],"line":108},"11":{"loc":{"start":{"line":109,"column":4},"end":{"line":109,"column":null}},"type":"if","locations":[{"start":{"line":109,"column":4},"end":{"line":109,"column":null}},{"start":{},"end":{}}],"line":109},"12":{"loc":{"start":{"line":110,"column":4},"end":{"line":110,"column":null}},"type":"if","locations":[{"start":{"line":110,"column":4},"end":{"line":110,"column":null}},{"start":{},"end":{}}],"line":110},"13":{"loc":{"start":{"line":110,"column":10},"end":{"line":110,"column":46}},"type":"binary-expr","locations":[{"start":{"line":110,"column":10},"end":{"line":110,"column":30}},{"start":{"line":110,"column":30},"end":{"line":110,"column":46}}],"line":110},"14":{"loc":{"start":{"line":113,"column":4},"end":{"line":113,"column":null}},"type":"if","locations":[{"start":{"line":113,"column":4},"end":{"line":113,"column":null}},{"start":{},"end":{}}],"line":113},"15":{"loc":{"start":{"line":118,"column":14},"end":{"line":118,"column":null}},"type":"cond-expr","locations":[{"start":{"line":118,"column":21},"end":{"line":118,"column":39}},{"start":{"line":118,"column":39},"end":{"line":118,"column":null}}],"line":118},"16":{"loc":{"start":{"line":119,"column":14},"end":{"line":119,"column":null}},"type":"cond-expr","locations":[{"start":{"line":119,"column":21},"end":{"line":119,"column":37}},{"start":{"line":119,"column":37},"end":{"line":119,"column":null}}],"line":119},"17":{"loc":{"start":{"line":127,"column":4},"end":{"line":127,"column":null}},"type":"if","locations":[{"start":{"line":127,"column":4},"end":{"line":127,"column":null}},{"start":{},"end":{}}],"line":127},"18":{"loc":{"start":{"line":135,"column":4},"end":{"line":135,"column":null}},"type":"if","locations":[{"start":{"line":135,"column":4},"end":{"line":135,"column":null}},{"start":{},"end":{}}],"line":135},"19":{"loc":{"start":{"line":135,"column":8},"end":{"line":135,"column":45}},"type":"binary-expr","locations":[{"start":{"line":135,"column":8},"end":{"line":135,"column":29}},{"start":{"line":135,"column":29},"end":{"line":135,"column":45}}],"line":135},"20":{"loc":{"start":{"line":141,"column":4},"end":{"line":141,"column":null}},"type":"if","locations":[{"start":{"line":141,"column":4},"end":{"line":141,"column":null}},{"start":{},"end":{}}],"line":141},"21":{"loc":{"start":{"line":148,"column":4},"end":{"line":148,"column":null}},"type":"if","locations":[{"start":{"line":148,"column":4},"end":{"line":148,"column":null}},{"start":{},"end":{}}],"line":148},"22":{"loc":{"start":{"line":151,"column":4},"end":{"line":151,"column":null}},"type":"if","locations":[{"start":{"line":151,"column":4},"end":{"line":151,"column":null}},{"start":{},"end":{}}],"line":151},"23":{"loc":{"start":{"line":154,"column":4},"end":{"line":154,"column":null}},"type":"if","locations":[{"start":{"line":154,"column":4},"end":{"line":154,"column":null}},{"start":{},"end":{}}],"line":154},"24":{"loc":{"start":{"line":157,"column":4},"end":{"line":161,"column":null}},"type":"if","locations":[{"start":{"line":157,"column":4},"end":{"line":161,"column":null}},{"start":{},"end":{}}],"line":157},"25":{"loc":{"start":{"line":164,"column":4},"end":{"line":168,"column":null}},"type":"if","locations":[{"start":{"line":164,"column":4},"end":{"line":168,"column":null}},{"start":{},"end":{}}],"line":164},"26":{"loc":{"start":{"line":171,"column":4},"end":{"line":176,"column":null}},"type":"if","locations":[{"start":{"line":171,"column":4},"end":{"line":176,"column":null}},{"start":{},"end":{}}],"line":171},"27":{"loc":{"start":{"line":180,"column":4},"end":{"line":184,"column":null}},"type":"if","locations":[{"start":{"line":180,"column":4},"end":{"line":184,"column":null}},{"start":{"line":182,"column":11},"end":{"line":184,"column":null}}],"line":180},"28":{"loc":{"start":{"line":181,"column":6},"end":{"line":181,"column":null}},"type":"if","locations":[{"start":{"line":181,"column":6},"end":{"line":181,"column":null}},{"start":{},"end":{}}],"line":181},"29":{"loc":{"start":{"line":181,"column":10},"end":{"line":181,"column":45}},"type":"binary-expr","locations":[{"start":{"line":181,"column":10},"end":{"line":181,"column":30}},{"start":{"line":181,"column":30},"end":{"line":181,"column":45}}],"line":181},"30":{"loc":{"start":{"line":211,"column":20},"end":{"line":211,"column":null}},"type":"cond-expr","locations":[{"start":{"line":211,"column":40},"end":{"line":211,"column":56}},{"start":{"line":211,"column":56},"end":{"line":211,"column":null}}],"line":211},"31":{"loc":{"start":{"line":235,"column":14},"end":{"line":235,"column":null}},"type":"binary-expr","locations":[{"start":{"line":235,"column":14},"end":{"line":235,"column":25}},{"start":{"line":235,"column":25},"end":{"line":235,"column":null}}],"line":235},"32":{"loc":{"start":{"line":237,"column":10},"end":{"line":239,"column":null}},"type":"cond-expr","locations":[{"start":{"line":238,"column":14},"end":{"line":238,"column":null}},{"start":{"line":239,"column":14},"end":{"line":239,"column":null}}],"line":237},"33":{"loc":{"start":{"line":237,"column":10},"end":{"line":237,"column":null}},"type":"binary-expr","locations":[{"start":{"line":237,"column":10},"end":{"line":237,"column":38}},{"start":{"line":237,"column":38},"end":{"line":237,"column":null}}],"line":237},"34":{"loc":{"start":{"line":242,"column":10},"end":{"line":246,"column":null}},"type":"cond-expr","locations":[{"start":{"line":243,"column":14},"end":{"line":243,"column":null}},{"start":{"line":244,"column":14},"end":{"line":246,"column":null}}],"line":242},"35":{"loc":{"start":{"line":242,"column":10},"end":{"line":242,"column":null}},"type":"binary-expr","locations":[{"start":{"line":242,"column":10},"end":{"line":242,"column":38}},{"start":{"line":242,"column":38},"end":{"line":242,"column":null}}],"line":242},"36":{"loc":{"start":{"line":244,"column":14},"end":{"line":246,"column":null}},"type":"cond-expr","locations":[{"start":{"line":245,"column":14},"end":{"line":245,"column":null}},{"start":{"line":246,"column":14},"end":{"line":246,"column":null}}],"line":244},"37":{"loc":{"start":{"line":248,"column":19},"end":{"line":248,"column":null}},"type":"binary-expr","locations":[{"start":{"line":248,"column":19},"end":{"line":248,"column":30}},{"start":{"line":248,"column":30},"end":{"line":248,"column":54}},{"start":{"line":248,"column":54},"end":{"line":248,"column":null}}],"line":248},"38":{"loc":{"start":{"line":253,"column":10},"end":{"line":253,"column":null}},"type":"if","locations":[{"start":{"line":253,"column":10},"end":{"line":253,"column":null}},{"start":{},"end":{}}],"line":253},"39":{"loc":{"start":{"line":253,"column":14},"end":{"line":253,"column":34}},"type":"binary-expr","locations":[{"start":{"line":253,"column":14},"end":{"line":253,"column":26}},{"start":{"line":253,"column":26},"end":{"line":253,"column":34}}],"line":253},"40":{"loc":{"start":{"line":255,"column":10},"end":{"line":259,"column":null}},"type":"if","locations":[{"start":{"line":255,"column":10},"end":{"line":259,"column":null}},{"start":{},"end":{}}],"line":255},"41":{"loc":{"start":{"line":255,"column":14},"end":{"line":255,"column":63}},"type":"binary-expr","locations":[{"start":{"line":255,"column":14},"end":{"line":255,"column":41}},{"start":{"line":255,"column":41},"end":{"line":255,"column":63}}],"line":255},"42":{"loc":{"start":{"line":261,"column":10},"end":{"line":265,"column":null}},"type":"if","locations":[{"start":{"line":261,"column":10},"end":{"line":265,"column":null}},{"start":{},"end":{}}],"line":261},"43":{"loc":{"start":{"line":273,"column":10},"end":{"line":277,"column":null}},"type":"if","locations":[{"start":{"line":273,"column":10},"end":{"line":277,"column":null}},{"start":{"line":275,"column":17},"end":{"line":277,"column":null}}],"line":273},"44":{"loc":{"start":{"line":274,"column":12},"end":{"line":274,"column":null}},"type":"if","locations":[{"start":{"line":274,"column":12},"end":{"line":274,"column":null}},{"start":{},"end":{}}],"line":274},"45":{"loc":{"start":{"line":274,"column":16},"end":{"line":274,"column":67}},"type":"binary-expr","locations":[{"start":{"line":274,"column":16},"end":{"line":274,"column":44}},{"start":{"line":274,"column":44},"end":{"line":274,"column":67}}],"line":274},"46":{"loc":{"start":{"line":282,"column":21},"end":{"line":282,"column":null}},"type":"cond-expr","locations":[{"start":{"line":282,"column":44},"end":{"line":282,"column":57}},{"start":{"line":282,"column":57},"end":{"line":282,"column":null}}],"line":282},"47":{"loc":{"start":{"line":286,"column":14},"end":{"line":286,"column":null}},"type":"binary-expr","locations":[{"start":{"line":286,"column":14},"end":{"line":286,"column":25}},{"start":{"line":286,"column":25},"end":{"line":286,"column":null}}],"line":286},"48":{"loc":{"start":{"line":294,"column":10},"end":{"line":294,"column":null}},"type":"if","locations":[{"start":{"line":294,"column":10},"end":{"line":294,"column":null}},{"start":{},"end":{}}],"line":294}},"s":{"0":19,"1":19,"2":19,"3":19,"4":19,"5":19,"6":19,"7":19,"8":19,"9":19,"10":19,"11":19,"12":19,"13":19,"14":19,"15":48,"16":19,"17":228,"18":38,"19":190,"20":38,"21":152,"22":38,"23":114,"24":38,"25":76,"26":19,"27":114,"28":114,"29":114,"30":38,"31":76,"32":19,"33":114,"34":114,"35":38,"36":76,"37":76,"38":5,"39":71,"40":2,"41":69,"42":19,"43":19,"44":0,"45":0,"46":0,"47":19,"48":19,"49":19,"50":19,"51":19,"52":0,"53":19,"54":0,"55":19,"56":0,"57":0,"58":0,"59":0,"60":0,"61":0,"62":0,"63":0,"64":0,"65":0,"66":0,"67":0,"68":0,"69":0,"70":0,"71":0,"72":0,"73":0,"74":19,"75":0,"76":0,"77":0,"78":0,"79":0,"80":0,"81":0,"82":0,"83":19,"84":0,"85":0,"86":0,"87":19,"88":0,"89":0,"90":0,"91":0,"92":19,"93":0,"94":0,"95":0,"96":0,"97":0,"98":0,"99":0,"100":0,"101":0,"102":0,"103":0,"104":0,"105":0,"106":0,"107":0,"108":0,"109":0,"110":0,"111":0,"112":0,"113":0,"114":0,"115":0,"116":0,"117":0,"118":0,"119":0,"120":0,"121":0,"122":19,"123":114,"124":0,"125":0,"126":0,"127":0,"128":0,"129":0,"130":0,"131":0,"132":0,"133":0,"134":0,"135":0,"136":0,"137":0,"138":0,"139":0,"140":0,"141":0,"142":0,"143":0,"144":0,"145":0,"146":0,"147":0,"148":0,"149":0},"f":{"0":19,"1":19,"2":19,"3":19,"4":19,"5":48,"6":228,"7":114,"8":114,"9":0,"10":0,"11":0,"12":0,"13":0,"14":0,"15":0,"16":0,"17":0,"18":0,"19":0,"20":0,"21":114,"22":0,"23":0,"24":0,"25":0},"b":{"0":[19,19],"1":[38,190],"2":[38,152],"3":[38,114],"4":[38,76],"5":[38,76],"6":[38,76],"7":[5,71],"8":[2,69],"9":[0,0],"10":[0,0],"11":[0,0],"12":[0,0],"13":[0,0],"14":[0,0],"15":[0,0],"16":[0,0],"17":[0,0],"18":[0,0],"19":[0,0],"20":[0,0],"21":[0,0],"22":[0,0],"23":[0,0],"24":[0,0],"25":[0,0],"26":[0,0],"27":[0,0],"28":[0,0],"29":[0,0],"30":[19,95],"31":[19,0],"32":[0,19],"33":[19,0],"34":[0,19],"35":[19,0],"36":[0,19],"37":[19,0,0],"38":[0,0],"39":[0,0],"40":[0,0],"41":[0,0],"42":[0,0],"43":[0,0],"44":[0,0],"45":[0,0],"46":[0,19],"47":[19,0],"48":[0,0]},"meta":{"lastBranch":49,"lastFunction":26,"lastStatement":150,"seen":{"f:12:9:12:35":0,"s:13:32:13:Infinity":0,"s:14:2:20:Infinity":1,"f:14:18:14:24":1,"s:15:15:15:Infinity":2,"s:16:21:16:Infinity":3,"f:16:21:16:27":2,"s:16:27:16:Infinity":4,"s:17:4:17:Infinity":5,"s:18:4:18:Infinity":6,"s:19:4:19:Infinity":7,"f:19:11:19:17":3,"s:19:17:19:Infinity":8,"s:21:2:21:Infinity":9,"f:24:16:24:22":4,"s:39:24:39:Infinity":10,"b:39:24:39:53:39:53:39:Infinity":0,"s:41:8:41:Infinity":11,"s:42:20:42:Infinity":12,"s:43:23:43:Infinity":13,"s:44:24:44:Infinity":14,"f:44:37:44:38":5,"s:44:38:44:62":15,"s:46:19:52:Infinity":16,"f:46:19:46:20":6,"b:47:4:47:Infinity:undefined:undefined:undefined:undefined":1,"s:47:4:47:Infinity":17,"s:47:26:47:Infinity":18,"b:48:4:48:Infinity:undefined:undefined:undefined:undefined":2,"s:48:4:48:Infinity":19,"s:48:24:48:Infinity":20,"b:49:4:49:Infinity:undefined:undefined:undefined:undefined":3,"s:49:4:49:Infinity":21,"s:49:25:49:Infinity":22,"b:50:4:50:Infinity:undefined:undefined:undefined:undefined":4,"s:50:4:50:Infinity":23,"s:50:27:50:Infinity":24,"s:51:4:51:Infinity":25,"s:54:21:59:Infinity":26,"f:54:21:54:22":7,"s:55:18:55:Infinity":27,"s:56:18:56:Infinity":28,"b:57:4:57:Infinity:undefined:undefined:undefined:undefined":5,"s:57:4:57:Infinity":29,"s:57:16:57:Infinity":30,"s:58:4:58:Infinity":31,"s:61:22:68:Infinity":32,"f:61:22:61:23":8,"s:62:18:62:Infinity":33,"b:63:4:63:Infinity:undefined:undefined:undefined:undefined":6,"s:63:4:63:Infinity":34,"s:63:16:63:Infinity":35,"s:64:18:64:Infinity":36,"b:65:4:65:Infinity:undefined:undefined:undefined:undefined":7,"s:65:4:65:Infinity":37,"s:65:24:65:Infinity":38,"b:66:4:66:Infinity:undefined:undefined:undefined:undefined":8,"s:66:4:66:Infinity":39,"s:66:30:66:Infinity":40,"s:67:4:67:Infinity":41,"s:71:18:71:Infinity":42,"s:72:20:75:Infinity":43,"f:72:20:72:21":9,"b:73:4:74:Infinity:74:9:74:Infinity":9,"s:73:4:74:Infinity":44,"s:73:13:73:Infinity":45,"s:74:9:74:Infinity":46,"s:78:34:82:Infinity":47,"s:83:27:83:Infinity":48,"s:86:28:95:Infinity":49,"s:97:21:97:Infinity":50,"s:99:23:101:Infinity":51,"f:99:23:99:24":10,"s:100:4:100:Infinity":52,"s:103:33:105:Infinity":53,"f:103:33:103:34":11,"s:104:4:104:Infinity":54,"s:107:34:123:Infinity":55,"f:107:34:107:35":12,"b:108:4:108:Infinity:undefined:undefined:undefined:undefined":10,"s:108:4:108:Infinity":56,"s:108:23:108:Infinity":57,"b:109:4:109:Infinity:undefined:undefined:undefined:undefined":11,"s:109:4:109:Infinity":58,"s:109:32:109:Infinity":59,"b:110:4:110:Infinity:undefined:undefined:undefined:undefined":12,"s:110:4:110:Infinity":60,"b:110:10:110:30:110:30:110:46":13,"s:110:46:110:Infinity":61,"s:112:16:112:Infinity":62,"b:113:4:113:Infinity:undefined:undefined:undefined:undefined":14,"s:113:4:113:Infinity":63,"s:113:47:113:Infinity":64,"s:114:4:114:Infinity":65,"s:116:15:116:Infinity":66,"s:117:17:117:Infinity":67,"s:118:14:118:Infinity":68,"b:118:21:118:39:118:39:118:Infinity":15,"s:119:14:119:Infinity":69,"b:119:21:119:37:119:37:119:Infinity":16,"s:121:4:121:Infinity":70,"s:122:4:122:Infinity":71,"f:122:22:122:28":13,"s:122:28:122:75":72,"f:122:40:122:41":14,"s:122:48:122:72":73,"s:125:26:132:Infinity":74,"f:125:26:125:32":15,"s:126:15:126:Infinity":75,"b:127:4:127:Infinity:undefined:undefined:undefined:undefined":17,"s:127:4:127:Infinity":76,"s:127:13:127:Infinity":77,"s:128:4:128:Infinity":78,"s:129:4:129:Infinity":79,"s:130:4:130:Infinity":80,"s:131:4:131:Infinity":81,"f:131:22:131:28":16,"s:131:28:131:66":82,"s:134:24:137:Infinity":83,"f:134:24:134:25":17,"b:135:4:135:Infinity:undefined:undefined:undefined:undefined":18,"s:135:4:135:Infinity":84,"b:135:8:135:29:135:29:135:45":19,"s:135:45:135:Infinity":85,"s:136:4:136:Infinity":86,"s:139:25:143:Infinity":87,"f:139:25:139:26":18,"s:140:18:140:Infinity":88,"b:141:4:141:Infinity:undefined:undefined:undefined:undefined":20,"s:141:4:141:Infinity":89,"s:141:16:141:Infinity":90,"s:142:4:142:Infinity":91,"s:145:20:185:Infinity":92,"f:145:20:145:21":19,"s:146:19:146:Infinity":93,"s:147:15:147:Infinity":94,"b:148:4:148:Infinity:undefined:undefined:undefined:undefined":21,"s:148:4:148:Infinity":95,"s:148:13:148:Infinity":96,"s:150:17:150:Infinity":97,"f:150:28:150:29":20,"s:150:35:150:50":98,"b:151:4:151:Infinity:undefined:undefined:undefined:undefined":22,"s:151:4:151:Infinity":99,"s:151:15:151:Infinity":100,"s:152:17:152:Infinity":101,"b:154:4:154:Infinity:undefined:undefined:undefined:undefined":23,"s:154:4:154:Infinity":102,"s:154:21:154:Infinity":103,"b:157:4:161:Infinity:undefined:undefined:undefined:undefined":24,"s:157:4:161:Infinity":104,"s:158:6:158:Infinity":105,"s:159:6:159:Infinity":106,"s:160:6:160:Infinity":107,"b:164:4:168:Infinity:undefined:undefined:undefined:undefined":25,"s:164:4:168:Infinity":108,"s:165:6:165:Infinity":109,"s:166:6:166:Infinity":110,"s:167:6:167:Infinity":111,"b:171:4:176:Infinity:undefined:undefined:undefined:undefined":26,"s:171:4:176:Infinity":112,"s:172:28:172:Infinity":113,"s:173:6:173:Infinity":114,"s:174:6:174:Infinity":115,"s:175:6:175:Infinity":116,"s:179:4:179:Infinity":117,"b:180:4:184:Infinity:182:11:184:Infinity":27,"s:180:4:184:Infinity":118,"b:181:6:181:Infinity:undefined:undefined:undefined:undefined":28,"s:181:6:181:Infinity":119,"b:181:10:181:30:181:30:181:45":29,"s:181:45:181:Infinity":120,"s:183:6:183:Infinity":121,"s:187:2:301:Infinity":122,"f:208:23:208:24":21,"s:209:12:227:Infinity":123,"b:211:40:211:56:211:56:211:Infinity":30,"b:235:14:235:25:235:25:235:Infinity":31,"b:238:14:238:Infinity:239:14:239:Infinity":32,"b:237:10:237:38:237:38:237:Infinity":33,"b:243:14:243:Infinity:244:14:246:Infinity":34,"b:242:10:242:38:242:38:242:Infinity":35,"b:245:14:245:Infinity:246:14:246:Infinity":36,"b:248:19:248:30:248:30:248:54:248:54:248:Infinity":37,"f:250:18:250:24":22,"s:250:24:250:Infinity":124,"f:251:19:251:20":23,"s:252:26:252:Infinity":125,"b:253:10:253:Infinity:undefined:undefined:undefined:undefined":38,"s:253:10:253:Infinity":126,"b:253:14:253:26:253:26:253:34":39,"s:253:34:253:Infinity":127,"b:255:10:259:Infinity:undefined:undefined:undefined:undefined":40,"s:255:10:259:Infinity":128,"b:255:14:255:41:255:41:255:63":41,"s:256:12:256:Infinity":129,"s:257:12:257:Infinity":130,"s:258:12:258:Infinity":131,"b:261:10:265:Infinity:undefined:undefined:undefined:undefined":42,"s:261:10:265:Infinity":132,"s:262:12:262:Infinity":133,"s:263:12:263:Infinity":134,"s:264:12:264:Infinity":135,"s:268:10:271:Infinity":136,"b:273:10:277:Infinity:275:17:277:Infinity":43,"s:273:10:277:Infinity":137,"b:274:12:274:Infinity:undefined:undefined:undefined:undefined":44,"s:274:12:274:Infinity":138,"b:274:16:274:44:274:44:274:67":45,"s:274:67:274:Infinity":139,"s:276:12:276:Infinity":140,"s:279:10:279:Infinity":141,"s:280:10:280:Infinity":142,"b:282:44:282:57:282:57:282:Infinity":46,"b:286:14:286:25:286:25:286:Infinity":47,"f:291:18:291:24":24,"s:291:24:291:Infinity":143,"f:292:19:292:20":25,"s:293:26:293:Infinity":144,"b:294:10:294:Infinity:undefined:undefined:undefined:undefined":48,"s:294:10:294:Infinity":145,"s:294:24:294:Infinity":146,"s:295:10:295:Infinity":147,"s:296:10:296:Infinity":148,"s:297:10:297:Infinity":149}}}
,"/Users/clairedonald/focusboard/src/components/CardItem.tsx": {"path":"/Users/clairedonald/focusboard/src/components/CardItem.tsx","statementMap":{"0":{"start":{"line":14,"column":67},"end":{"line":18,"column":null}},"1":{"start":{"line":20,"column":37},"end":{"line":25,"column":null}},"2":{"start":{"line":27,"column":16},"end":{"line":30,"column":null}},"3":{"start":{"line":28,"column":4},"end":{"line":28,"column":null}},"4":{"start":{"line":29,"column":4},"end":{"line":29,"column":null}},"5":{"start":{"line":32,"column":2},"end":{"line":76,"column":null}},"6":{"start":{"line":40,"column":25},"end":{"line":40,"column":null}},"7":{"start":{"line":61,"column":12},"end":{"line":66,"column":null}}},"fnMap":{"0":{"name":"CardItem","decl":{"start":{"line":5,"column":16},"end":{"line":5,"column":25}},"loc":{"start":{"line":13,"column":3},"end":{"line":78,"column":null}},"line":13},"1":{"name":"(anonymous_1)","decl":{"start":{"line":27,"column":16},"end":{"line":27,"column":17}},"loc":{"start":{"line":27,"column":44},"end":{"line":30,"column":null}},"line":27},"2":{"name":"(anonymous_2)","decl":{"start":{"line":40,"column":19},"end":{"line":40,"column":25}},"loc":{"start":{"line":40,"column":25},"end":{"line":40,"column":null}},"line":40},"3":{"name":"(anonymous_3)","decl":{"start":{"line":60,"column":38},"end":{"line":60,"column":39}},"loc":{"start":{"line":61,"column":12},"end":{"line":66,"column":null}},"line":61}},"branchMap":{"0":{"loc":{"start":{"line":21,"column":15},"end":{"line":23,"column":null}},"type":"cond-expr","locations":[{"start":{"line":22,"column":8},"end":{"line":22,"column":null}},{"start":{"line":23,"column":8},"end":{"line":23,"column":null}}],"line":21},"1":{"loc":{"start":{"line":24,"column":13},"end":{"line":24,"column":null}},"type":"cond-expr","locations":[{"start":{"line":24,"column":26},"end":{"line":24,"column":32}},{"start":{"line":24,"column":32},"end":{"line":24,"column":null}}],"line":24},"2":{"loc":{"start":{"line":44,"column":13},"end":{"line":44,"column":null}},"type":"binary-expr","locations":[{"start":{"line":44,"column":13},"end":{"line":44,"column":26}},{"start":{"line":44,"column":26},"end":{"line":44,"column":null}}],"line":44},"3":{"loc":{"start":{"line":56,"column":6},"end":{"line":68,"column":null}},"type":"binary-expr","locations":[{"start":{"line":56,"column":6},"end":{"line":58,"column":null}},{"start":{"line":59,"column":8},"end":{"line":68,"column":null}}],"line":56},"4":{"loc":{"start":{"line":58,"column":8},"end":{"line":58,"column":34}},"type":"binary-expr","locations":[{"start":{"line":58,"column":8},"end":{"line":58,"column":29}},{"start":{"line":58,"column":29},"end":{"line":58,"column":34}}],"line":58},"5":{"loc":{"start":{"line":71,"column":7},"end":{"line":74,"column":null}},"type":"binary-expr","locations":[{"start":{"line":71,"column":7},"end":{"line":71,"column":null}},{"start":{"line":72,"column":8},"end":{"line":74,"column":null}}],"line":71}},"s":{"0":0,"1":0,"2":0,"3":0,"4":0,"5":0,"6":0,"7":0},"f":{"0":0,"1":0,"2":0,"3":0},"b":{"0":[0,0],"1":[0,0],"2":[0,0],"3":[0,0],"4":[0,0],"5":[0,0]},"meta":{"lastBranch":6,"lastFunction":4,"lastStatement":8,"seen":{"f:5:16:5:25":0,"s:14:67:18:Infinity":0,"s:20:37:25:Infinity":1,"b:22:8:22:Infinity:23:8:23:Infinity":0,"b:24:26:24:32:24:32:24:Infinity":1,"s:27:16:30:Infinity":2,"f:27:16:27:17":1,"s:28:4:28:Infinity":3,"s:29:4:29:Infinity":4,"s:32:2:76:Infinity":5,"f:40:19:40:25":2,"s:40:25:40:Infinity":6,"b:44:13:44:26:44:26:44:Infinity":2,"b:56:6:58:Infinity:59:8:68:Infinity":3,"b:58:8:58:29:58:29:58:34":4,"f:60:38:60:39":3,"s:61:12:66:Infinity":7,"b:71:7:71:Infinity:72:8:74:Infinity":5}}}
,"/Users/clairedonald/focusboard/src/components/CardModal.tsx": {"path":"/Users/clairedonald/focusboard/src/components/CardModal.tsx","statementMap":{"0":{"start":{"line":5,"column":22},"end":{"line":5,"column":null}},"1":{"start":{"line":16,"column":28},"end":{"line":16,"column":null}},"2":{"start":{"line":18,"column":2},"end":{"line":20,"column":null}},"3":{"start":{"line":19,"column":4},"end":{"line":19,"column":null}},"4":{"start":{"line":22,"column":2},"end":{"line":22,"column":null}},"5":{"start":{"line":22,"column":23},"end":{"line":22,"column":null}},"6":{"start":{"line":24,"column":17},"end":{"line":24,"column":null}},"7":{"start":{"line":24,"column":43},"end":{"line":24,"column":null}},"8":{"start":{"line":26,"column":2},"end":{"line":219,"column":null}},"9":{"start":{"line":40,"column":31},"end":{"line":40,"column":null}},"10":{"start":{"line":50,"column":33},"end":{"line":50,"column":null}},"11":{"start":{"line":56,"column":18},"end":{"line":63,"column":null}},"12":{"start":{"line":59,"column":35},"end":{"line":59,"column":null}},"13":{"start":{"line":68,"column":35},"end":{"line":68,"column":null}},"14":{"start":{"line":82,"column":31},"end":{"line":82,"column":null}},"15":{"start":{"line":92,"column":33},"end":{"line":92,"column":null}},"16":{"start":{"line":102,"column":18},"end":{"line":102,"column":null}},"17":{"start":{"line":114,"column":16},"end":{"line":119,"column":null}},"18":{"start":{"line":117,"column":32},"end":{"line":117,"column":40}},"19":{"start":{"line":130,"column":18},"end":{"line":135,"column":null}},"20":{"start":{"line":144,"column":16},"end":{"line":178,"column":null}},"21":{"start":{"line":149,"column":22},"end":{"line":153,"column":null}},"22":{"start":{"line":151,"column":26},"end":{"line":151,"column":null}},"23":{"start":{"line":160,"column":22},"end":{"line":164,"column":null}},"24":{"start":{"line":162,"column":26},"end":{"line":162,"column":null}},"25":{"start":{"line":170,"column":22},"end":{"line":172,"column":null}},"26":{"start":{"line":171,"column":73},"end":{"line":171,"column":87}},"27":{"start":{"line":197,"column":27},"end":{"line":197,"column":null}},"28":{"start":{"line":211,"column":29},"end":{"line":211,"column":null}}},"fnMap":{"0":{"name":"CardModal","decl":{"start":{"line":15,"column":16},"end":{"line":15,"column":26}},"loc":{"start":{"line":15,"column":76},"end":{"line":221,"column":null}},"line":15},"1":{"name":"(anonymous_1)","decl":{"start":{"line":18,"column":18},"end":{"line":18,"column":24}},"loc":{"start":{"line":18,"column":24},"end":{"line":20,"column":5}},"line":18},"2":{"name":"(anonymous_2)","decl":{"start":{"line":24,"column":17},"end":{"line":24,"column":18}},"loc":{"start":{"line":24,"column":43},"end":{"line":24,"column":null}},"line":24},"3":{"name":"(anonymous_3)","decl":{"start":{"line":40,"column":24},"end":{"line":40,"column":25}},"loc":{"start":{"line":40,"column":31},"end":{"line":40,"column":null}},"line":40},"4":{"name":"(anonymous_4)","decl":{"start":{"line":50,"column":26},"end":{"line":50,"column":27}},"loc":{"start":{"line":50,"column":33},"end":{"line":50,"column":null}},"line":50},"5":{"name":"(anonymous_5)","decl":{"start":{"line":55,"column":35},"end":{"line":55,"column":36}},"loc":{"start":{"line":56,"column":18},"end":{"line":63,"column":null}},"line":56},"6":{"name":"(anonymous_6)","decl":{"start":{"line":59,"column":29},"end":{"line":59,"column":35}},"loc":{"start":{"line":59,"column":35},"end":{"line":59,"column":null}},"line":59},"7":{"name":"(anonymous_7)","decl":{"start":{"line":68,"column":29},"end":{"line":68,"column":35}},"loc":{"start":{"line":68,"column":35},"end":{"line":68,"column":null}},"line":68},"8":{"name":"(anonymous_8)","decl":{"start":{"line":82,"column":24},"end":{"line":82,"column":25}},"loc":{"start":{"line":82,"column":31},"end":{"line":82,"column":null}},"line":82},"9":{"name":"(anonymous_9)","decl":{"start":{"line":92,"column":26},"end":{"line":92,"column":27}},"loc":{"start":{"line":92,"column":33},"end":{"line":92,"column":null}},"line":92},"10":{"name":"(anonymous_10)","decl":{"start":{"line":101,"column":26},"end":{"line":101,"column":27}},"loc":{"start":{"line":102,"column":18},"end":{"line":102,"column":null}},"line":102},"11":{"name":"(anonymous_11)","decl":{"start":{"line":113,"column":24},"end":{"line":113,"column":25}},"loc":{"start":{"line":114,"column":16},"end":{"line":119,"column":null}},"line":114},"12":{"name":"(anonymous_12)","decl":{"start":{"line":117,"column":25},"end":{"line":117,"column":26}},"loc":{"start":{"line":117,"column":32},"end":{"line":117,"column":40}},"line":117},"13":{"name":"(anonymous_13)","decl":{"start":{"line":129,"column":25},"end":{"line":129,"column":null}},"loc":{"start":{"line":130,"column":18},"end":{"line":135,"column":null}},"line":130},"14":{"name":"(anonymous_14)","decl":{"start":{"line":143,"column":43},"end":{"line":143,"column":44}},"loc":{"start":{"line":144,"column":16},"end":{"line":178,"column":null}},"line":144},"15":{"name":"(anonymous_15)","decl":{"start":{"line":148,"column":30},"end":{"line":148,"column":31}},"loc":{"start":{"line":149,"column":22},"end":{"line":153,"column":null}},"line":149},"16":{"name":"(anonymous_16)","decl":{"start":{"line":150,"column":63},"end":{"line":150,"column":64}},"loc":{"start":{"line":151,"column":26},"end":{"line":151,"column":null}},"line":151},"17":{"name":"(anonymous_17)","decl":{"start":{"line":159,"column":30},"end":{"line":159,"column":31}},"loc":{"start":{"line":160,"column":22},"end":{"line":164,"column":null}},"line":160},"18":{"name":"(anonymous_18)","decl":{"start":{"line":161,"column":63},"end":{"line":161,"column":64}},"loc":{"start":{"line":162,"column":26},"end":{"line":162,"column":null}},"line":162},"19":{"name":"(anonymous_19)","decl":{"start":{"line":169,"column":29},"end":{"line":169,"column":null}},"loc":{"start":{"line":170,"column":22},"end":{"line":172,"column":null}},"line":170},"20":{"name":"(anonymous_20)","decl":{"start":{"line":171,"column":66},"end":{"line":171,"column":67}},"loc":{"start":{"line":171,"column":73},"end":{"line":171,"column":87}},"line":171},"21":{"name":"(anonymous_21)","decl":{"start":{"line":197,"column":21},"end":{"line":197,"column":27}},"loc":{"start":{"line":197,"column":27},"end":{"line":197,"column":null}},"line":197},"22":{"name":"(anonymous_22)","decl":{"start":{"line":211,"column":23},"end":{"line":211,"column":29}},"loc":{"start":{"line":211,"column":29},"end":{"line":211,"column":null}},"line":211}},"branchMap":{"0":{"loc":{"start":{"line":22,"column":2},"end":{"line":22,"column":null}},"type":"if","locations":[{"start":{"line":22,"column":2},"end":{"line":22,"column":null}},{"start":{},"end":{}}],"line":22},"1":{"loc":{"start":{"line":22,"column":6},"end":{"line":22,"column":23}},"type":"binary-expr","locations":[{"start":{"line":22,"column":6},"end":{"line":22,"column":15}},{"start":{"line":22,"column":15},"end":{"line":22,"column":23}}],"line":22},"2":{"loc":{"start":{"line":49,"column":23},"end":{"line":49,"column":null}},"type":"binary-expr","locations":[{"start":{"line":49,"column":23},"end":{"line":49,"column":37}},{"start":{"line":49,"column":37},"end":{"line":49,"column":null}}],"line":49},"3":{"loc":{"start":{"line":65,"column":17},"end":{"line":72,"column":null}},"type":"binary-expr","locations":[{"start":{"line":65,"column":17},"end":{"line":65,"column":null}},{"start":{"line":66,"column":18},"end":{"line":72,"column":null}}],"line":65},"4":{"loc":{"start":{"line":81,"column":21},"end":{"line":81,"column":null}},"type":"binary-expr","locations":[{"start":{"line":81,"column":21},"end":{"line":81,"column":36}},{"start":{"line":81,"column":36},"end":{"line":81,"column":null}}],"line":81},"5":{"loc":{"start":{"line":91,"column":23},"end":{"line":91,"column":null}},"type":"binary-expr","locations":[{"start":{"line":91,"column":23},"end":{"line":91,"column":37}},{"start":{"line":91,"column":37},"end":{"line":91,"column":null}}],"line":91},"6":{"loc":{"start":{"line":100,"column":23},"end":{"line":100,"column":null}},"type":"cond-expr","locations":[{"start":{"line":100,"column":39},"end":{"line":100,"column":68}},{"start":{"line":100,"column":68},"end":{"line":100,"column":null}}],"line":100},"7":{"loc":{"start":{"line":102,"column":36},"end":{"line":102,"column":104}},"type":"cond-expr","locations":[{"start":{"line":102,"column":53},"end":{"line":102,"column":94}},{"start":{"line":102,"column":94},"end":{"line":102,"column":104}}],"line":102},"8":{"loc":{"start":{"line":112,"column":22},"end":{"line":112,"column":40}},"type":"binary-expr","locations":[{"start":{"line":112,"column":22},"end":{"line":112,"column":36}},{"start":{"line":112,"column":36},"end":{"line":112,"column":40}}],"line":112},"9":{"loc":{"start":{"line":132,"column":26},"end":{"line":132,"column":null}},"type":"binary-expr","locations":[{"start":{"line":132,"column":26},"end":{"line":132,"column":45}},{"start":{"line":132,"column":45},"end":{"line":132,"column":null}}],"line":132},"10":{"loc":{"start":{"line":143,"column":16},"end":{"line":143,"column":39}},"type":"binary-expr","locations":[{"start":{"line":143,"column":16},"end":{"line":143,"column":35}},{"start":{"line":143,"column":35},"end":{"line":143,"column":39}}],"line":143},"11":{"loc":{"start":{"line":150,"column":36},"end":{"line":150,"column":59}},"type":"binary-expr","locations":[{"start":{"line":150,"column":36},"end":{"line":150,"column":55}},{"start":{"line":150,"column":55},"end":{"line":150,"column":59}}],"line":150},"12":{"loc":{"start":{"line":151,"column":26},"end":{"line":151,"column":null}},"type":"cond-expr","locations":[{"start":{"line":151,"column":43},"end":{"line":151,"column":78}},{"start":{"line":151,"column":78},"end":{"line":151,"column":null}}],"line":151},"13":{"loc":{"start":{"line":161,"column":36},"end":{"line":161,"column":59}},"type":"binary-expr","locations":[{"start":{"line":161,"column":36},"end":{"line":161,"column":55}},{"start":{"line":161,"column":55},"end":{"line":161,"column":59}}],"line":161},"14":{"loc":{"start":{"line":162,"column":26},"end":{"line":162,"column":null}},"type":"cond-expr","locations":[{"start":{"line":162,"column":43},"end":{"line":162,"column":76}},{"start":{"line":162,"column":76},"end":{"line":162,"column":null}}],"line":162},"15":{"loc":{"start":{"line":171,"column":36},"end":{"line":171,"column":59}},"type":"binary-expr","locations":[{"start":{"line":171,"column":36},"end":{"line":171,"column":55}},{"start":{"line":171,"column":55},"end":{"line":171,"column":59}}],"line":171},"16":{"loc":{"start":{"line":181,"column":10},"end":{"line":191,"column":null}},"type":"binary-expr","locations":[{"start":{"line":183,"column":12},"end":{"line":183,"column":35}},{"start":{"line":183,"column":35},"end":{"line":183,"column":null}},{"start":{"line":184,"column":12},"end":{"line":191,"column":null}}],"line":181},"17":{"loc":{"start":{"line":185,"column":15},"end":{"line":185,"column":null}},"type":"binary-expr","locations":[{"start":{"line":185,"column":15},"end":{"line":185,"column":38}},{"start":{"line":185,"column":38},"end":{"line":185,"column":null}}],"line":185},"18":{"loc":{"start":{"line":186,"column":15},"end":{"line":189,"column":null}},"type":"binary-expr","locations":[{"start":{"line":186,"column":15},"end":{"line":186,"column":null}},{"start":{"line":187,"column":16},"end":{"line":189,"column":null}}],"line":186}},"s":{"0":2,"1":107,"2":107,"3":54,"4":107,"5":2,"6":105,"7":42,"8":105,"9":24,"10":0,"11":1050,"12":1,"13":1,"14":11,"15":0,"16":1,"17":1,"18":3,"19":1,"20":25,"21":1,"22":1,"23":0,"24":0,"25":1,"26":1,"27":1,"28":3},"f":{"0":107,"1":54,"2":42,"3":24,"4":0,"5":1050,"6":1,"7":1,"8":11,"9":0,"10":1,"11":1,"12":3,"13":1,"14":25,"15":1,"16":1,"17":0,"18":0,"19":1,"20":1,"21":1,"22":3},"b":{"0":[2,105],"1":[107,106],"2":[105,86],"3":[107,19],"4":[107,77],"5":[107,84],"6":[3,102],"7":[1,0],"8":[107,0],"9":[1,0],"10":[107,0],"11":[1,0],"12":[1,0],"13":[0,0],"14":[0,0],"15":[1,0],"16":[107,88,18],"17":[18,17],"18":[18,17]},"meta":{"lastBranch":19,"lastFunction":23,"lastStatement":29,"seen":{"s:5:22:5:Infinity":0,"f:15:16:15:26":0,"s:16:28:16:Infinity":1,"s:18:2:20:Infinity":2,"f:18:18:18:24":1,"s:19:4:19:Infinity":3,"b:22:2:22:Infinity:undefined:undefined:undefined:undefined":0,"s:22:2:22:Infinity":4,"b:22:6:22:15:22:15:22:23":1,"s:22:23:22:Infinity":5,"s:24:17:24:Infinity":6,"f:24:17:24:18":2,"s:24:43:24:Infinity":7,"s:26:2:219:Infinity":8,"f:40:24:40:25":3,"s:40:31:40:Infinity":9,"b:49:23:49:37:49:37:49:Infinity":2,"f:50:26:50:27":4,"s:50:33:50:Infinity":10,"f:55:35:55:36":5,"s:56:18:63:Infinity":11,"f:59:29:59:35":6,"s:59:35:59:Infinity":12,"b:65:17:65:Infinity:66:18:72:Infinity":3,"f:68:29:68:35":7,"s:68:35:68:Infinity":13,"b:81:21:81:36:81:36:81:Infinity":4,"f:82:24:82:25":8,"s:82:31:82:Infinity":14,"b:91:23:91:37:91:37:91:Infinity":5,"f:92:26:92:27":9,"s:92:33:92:Infinity":15,"b:100:39:100:68:100:68:100:Infinity":6,"f:101:26:101:27":10,"s:102:18:102:Infinity":16,"b:102:53:102:94:102:94:102:104":7,"b:112:22:112:36:112:36:112:40":8,"f:113:24:113:25":11,"s:114:16:119:Infinity":17,"f:117:25:117:26":12,"s:117:32:117:40":18,"f:129:25:129:Infinity":13,"s:130:18:135:Infinity":19,"b:132:26:132:45:132:45:132:Infinity":9,"b:143:16:143:35:143:35:143:39":10,"f:143:43:143:44":14,"s:144:16:178:Infinity":20,"f:148:30:148:31":15,"s:149:22:153:Infinity":21,"b:150:36:150:55:150:55:150:59":11,"f:150:63:150:64":16,"s:151:26:151:Infinity":22,"b:151:43:151:78:151:78:151:Infinity":12,"f:159:30:159:31":17,"s:160:22:164:Infinity":23,"b:161:36:161:55:161:55:161:59":13,"f:161:63:161:64":18,"s:162:26:162:Infinity":24,"b:162:43:162:76:162:76:162:Infinity":14,"f:169:29:169:Infinity":19,"s:170:22:172:Infinity":25,"b:171:36:171:55:171:55:171:59":15,"f:171:66:171:67":20,"s:171:73:171:87":26,"b:183:12:183:35:183:35:183:Infinity:184:12:191:Infinity":16,"b:185:15:185:38:185:38:185:Infinity":17,"b:186:15:186:Infinity:187:16:189:Infinity":18,"f:197:21:197:27":21,"s:197:27:197:Infinity":27,"f:211:23:211:29":22,"s:211:29:211:Infinity":28}}}
,"/Users/clairedonald/focusboard/src/components/Column.tsx": {"path":"/Users/clairedonald/focusboard/src/components/Column.tsx","statementMap":{"0":{"start":{"line":6,"column":17},"end":{"line":21,"column":null}},"1":{"start":{"line":7,"column":18},"end":{"line":7,"column":null}},"2":{"start":{"line":9,"column":4},"end":{"line":14,"column":null}},"3":{"start":{"line":12,"column":22},"end":{"line":12,"column":27}},"4":{"start":{"line":15,"column":2},"end":{"line":15,"column":null}},"5":{"start":{"line":15,"column":31},"end":{"line":15,"column":null}},"6":{"start":{"line":16,"column":12},"end":{"line":16,"column":null}},"7":{"start":{"line":17,"column":12},"end":{"line":17,"column":null}},"8":{"start":{"line":18,"column":12},"end":{"line":18,"column":null}},"9":{"start":{"line":19,"column":2},"end":{"line":19,"column":null}},"10":{"start":{"line":19,"column":61},"end":{"line":19,"column":null}},"11":{"start":{"line":20,"column":2},"end":{"line":20,"column":null}},"12":{"start":{"line":46,"column":29},"end":{"line":46,"column":null}},"13":{"start":{"line":47,"column":20},"end":{"line":47,"column":null}},"14":{"start":{"line":48,"column":21},"end":{"line":50,"column":null}},"15":{"start":{"line":51,"column":25},"end":{"line":53,"column":null}},"16":{"start":{"line":55,"column":26},"end":{"line":55,"column":null}},"17":{"start":{"line":58,"column":4},"end":{"line":62,"column":null}},"18":{"start":{"line":64,"column":2},"end":{"line":121,"column":null}},"19":{"start":{"line":95,"column":10},"end":{"line":100,"column":null}},"20":{"start":{"line":106,"column":12},"end":{"line":106,"column":null}},"21":{"start":{"line":107,"column":22},"end":{"line":107,"column":null}},"22":{"start":{"line":108,"column":12},"end":{"line":108,"column":null}},"23":{"start":{"line":108,"column":20},"end":{"line":108,"column":null}},"24":{"start":{"line":109,"column":12},"end":{"line":109,"column":null}},"25":{"start":{"line":110,"column":12},"end":{"line":110,"column":null}},"26":{"start":{"line":115,"column":29},"end":{"line":115,"column":null}}},"fnMap":{"0":{"name":"(anonymous_0)","decl":{"start":{"line":6,"column":17},"end":{"line":6,"column":18}},"loc":{"start":{"line":6,"column":34},"end":{"line":21,"column":null}},"line":6},"1":{"name":"(anonymous_1)","decl":{"start":{"line":12,"column":15},"end":{"line":12,"column":16}},"loc":{"start":{"line":12,"column":22},"end":{"line":12,"column":27}},"line":12},"2":{"name":"Column","decl":{"start":{"line":23,"column":16},"end":{"line":23,"column":23}},"loc":{"start":{"line":45,"column":3},"end":{"line":123,"column":null}},"line":45},"3":{"name":"(anonymous_3)","decl":{"start":{"line":94,"column":19},"end":{"line":94,"column":20}},"loc":{"start":{"line":95,"column":10},"end":{"line":100,"column":null}},"line":95},"4":{"name":"(anonymous_4)","decl":{"start":{"line":105,"column":20},"end":{"line":105,"column":21}},"loc":{"start":{"line":105,"column":27},"end":{"line":111,"column":null}},"line":105},"5":{"name":"(anonymous_5)","decl":{"start":{"line":115,"column":22},"end":{"line":115,"column":23}},"loc":{"start":{"line":115,"column":29},"end":{"line":115,"column":null}},"line":115}},"branchMap":{"0":{"loc":{"start":{"line":9,"column":4},"end":{"line":14,"column":null}},"type":"cond-expr","locations":[{"start":{"line":10,"column":8},"end":{"line":13,"column":null}},{"start":{"line":14,"column":8},"end":{"line":14,"column":null}}],"line":9},"1":{"loc":{"start":{"line":15,"column":2},"end":{"line":15,"column":null}},"type":"if","locations":[{"start":{"line":15,"column":2},"end":{"line":15,"column":null}},{"start":{},"end":{}}],"line":15},"2":{"loc":{"start":{"line":19,"column":2},"end":{"line":19,"column":null}},"type":"if","locations":[{"start":{"line":19,"column":2},"end":{"line":19,"column":null}},{"start":{},"end":{}}],"line":19},"3":{"loc":{"start":{"line":19,"column":6},"end":{"line":19,"column":61}},"type":"binary-expr","locations":[{"start":{"line":19,"column":6},"end":{"line":19,"column":25}},{"start":{"line":19,"column":25},"end":{"line":19,"column":44}},{"start":{"line":19,"column":44},"end":{"line":19,"column":61}}],"line":19},"4":{"loc":{"start":{"line":48,"column":21},"end":{"line":50,"column":null}},"type":"cond-expr","locations":[{"start":{"line":49,"column":6},"end":{"line":49,"column":null}},{"start":{"line":50,"column":6},"end":{"line":50,"column":null}}],"line":48},"5":{"loc":{"start":{"line":51,"column":25},"end":{"line":53,"column":null}},"type":"cond-expr","locations":[{"start":{"line":52,"column":6},"end":{"line":52,"column":null}},{"start":{"line":53,"column":6},"end":{"line":53,"column":null}}],"line":51},"6":{"loc":{"start":{"line":58,"column":4},"end":{"line":62,"column":null}},"type":"cond-expr","locations":[{"start":{"line":59,"column":8},"end":{"line":59,"column":null}},{"start":{"line":60,"column":8},"end":{"line":62,"column":null}}],"line":58},"7":{"loc":{"start":{"line":60,"column":8},"end":{"line":62,"column":null}},"type":"cond-expr","locations":[{"start":{"line":61,"column":8},"end":{"line":61,"column":null}},{"start":{"line":62,"column":8},"end":{"line":62,"column":null}}],"line":60},"8":{"loc":{"start":{"line":78,"column":15},"end":{"line":78,"column":null}},"type":"binary-expr","locations":[{"start":{"line":78,"column":15},"end":{"line":78,"column":23}},{"start":{"line":78,"column":23},"end":{"line":78,"column":null}}],"line":78},"9":{"loc":{"start":{"line":91,"column":10},"end":{"line":91,"column":null}},"type":"cond-expr","locations":[{"start":{"line":91,"column":19},"end":{"line":91,"column":50}},{"start":{"line":91,"column":50},"end":{"line":91,"column":null}}],"line":91},"10":{"loc":{"start":{"line":108,"column":12},"end":{"line":108,"column":null}},"type":"if","locations":[{"start":{"line":108,"column":12},"end":{"line":108,"column":null}},{"start":{},"end":{}}],"line":108}},"s":{"0":0,"1":0,"2":0,"3":0,"4":0,"5":0,"6":0,"7":0,"8":0,"9":0,"10":0,"11":0,"12":0,"13":0,"14":0,"15":0,"16":0,"17":0,"18":0,"19":0,"20":0,"21":0,"22":0,"23":0,"24":0,"25":0,"26":0},"f":{"0":0,"1":0,"2":0,"3":0,"4":0,"5":0},"b":{"0":[0,0],"1":[0,0],"2":[0,0],"3":[0,0,0],"4":[0,0],"5":[0,0],"6":[0,0],"7":[0,0],"8":[0,0],"9":[0,0],"10":[0,0]},"meta":{"lastBranch":11,"lastFunction":6,"lastStatement":27,"seen":{"s:6:17:21:Infinity":0,"f:6:17:6:18":0,"s:7:18:7:Infinity":1,"s:9:4:14:Infinity":2,"b:10:8:13:Infinity:14:8:14:Infinity":0,"f:12:15:12:16":1,"s:12:22:12:27":3,"b:15:2:15:Infinity:undefined:undefined:undefined:undefined":1,"s:15:2:15:Infinity":4,"s:15:31:15:Infinity":5,"s:16:12:16:Infinity":6,"s:17:12:17:Infinity":7,"s:18:12:18:Infinity":8,"b:19:2:19:Infinity:undefined:undefined:undefined:undefined":2,"s:19:2:19:Infinity":9,"b:19:6:19:25:19:25:19:44:19:44:19:61":3,"s:19:61:19:Infinity":10,"s:20:2:20:Infinity":11,"f:23:16:23:23":2,"s:46:29:46:Infinity":12,"s:47:20:47:Infinity":13,"s:48:21:50:Infinity":14,"b:49:6:49:Infinity:50:6:50:Infinity":4,"s:51:25:53:Infinity":15,"b:52:6:52:Infinity:53:6:53:Infinity":5,"s:55:26:55:Infinity":16,"s:58:4:62:Infinity":17,"b:59:8:59:Infinity:60:8:62:Infinity":6,"b:61:8:61:Infinity:62:8:62:Infinity":7,"s:64:2:121:Infinity":18,"b:78:15:78:23:78:23:78:Infinity":8,"b:91:19:91:50:91:50:91:Infinity":9,"f:94:19:94:20":3,"s:95:10:100:Infinity":19,"f:105:20:105:21":4,"s:106:12:106:Infinity":20,"s:107:22:107:Infinity":21,"b:108:12:108:Infinity:undefined:undefined:undefined:undefined":10,"s:108:12:108:Infinity":22,"s:108:20:108:Infinity":23,"s:109:12:109:Infinity":24,"s:110:12:110:Infinity":25,"f:115:22:115:23":5,"s:115:29:115:Infinity":26}}}
,"/Users/clairedonald/focusboard/src/components/ConfettiBurst.tsx": {"path":"/Users/clairedonald/focusboard/src/components/ConfettiBurst.tsx","statementMap":{"0":{"start":{"line":22,"column":16},"end":{"line":22,"column":null}},"1":{"start":{"line":23,"column":28},"end":{"line":23,"column":null}},"2":{"start":{"line":24,"column":2},"end":{"line":41,"column":null}},"3":{"start":{"line":24,"column":15},"end":{"line":24,"column":18}},"4":{"start":{"line":25,"column":15},"end":{"line":25,"column":null}},"5":{"start":{"line":26,"column":10},"end":{"line":26,"column":null}},"6":{"start":{"line":27,"column":15},"end":{"line":27,"column":null}},"7":{"start":{"line":28,"column":17},"end":{"line":28,"column":null}},"8":{"start":{"line":29,"column":18},"end":{"line":29,"column":null}},"9":{"start":{"line":30,"column":10},"end":{"line":30,"column":null}},"10":{"start":{"line":31,"column":18},"end":{"line":31,"column":null}},"11":{"start":{"line":32,"column":4},"end":{"line":40,"column":null}},"12":{"start":{"line":42,"column":2},"end":{"line":42,"column":null}},"13":{"start":{"line":46,"column":20},"end":{"line":46,"column":null}},"14":{"start":{"line":46,"column":40},"end":{"line":46,"column":63}},"15":{"start":{"line":48,"column":2},"end":{"line":83,"column":null}},"16":{"start":{"line":53,"column":12},"end":{"line":79,"column":null}}},"fnMap":{"0":{"name":"makeParticles","decl":{"start":{"line":21,"column":9},"end":{"line":21,"column":23}},"loc":{"start":{"line":21,"column":53},"end":{"line":43,"column":null}},"line":21},"1":{"name":"ConfettiBurst","decl":{"start":{"line":45,"column":16},"end":{"line":45,"column":30}},"loc":{"start":{"line":45,"column":63},"end":{"line":85,"column":null}},"line":45},"2":{"name":"(anonymous_2)","decl":{"start":{"line":46,"column":34},"end":{"line":46,"column":40}},"loc":{"start":{"line":46,"column":40},"end":{"line":46,"column":63}},"line":46},"3":{"name":"(anonymous_3)","decl":{"start":{"line":52,"column":25},"end":{"line":52,"column":26}},"loc":{"start":{"line":53,"column":12},"end":{"line":79,"column":null}},"line":53}},"branchMap":{"0":{"loc":{"start":{"line":29,"column":18},"end":{"line":29,"column":null}},"type":"cond-expr","locations":[{"start":{"line":29,"column":40},"end":{"line":29,"column":49}},{"start":{"line":29,"column":49},"end":{"line":29,"column":null}}],"line":29},"1":{"loc":{"start":{"line":50,"column":7},"end":{"line":81,"column":null}},"type":"binary-expr","locations":[{"start":{"line":50,"column":7},"end":{"line":50,"column":null}},{"start":{"line":51,"column":8},"end":{"line":81,"column":null}}],"line":50},"2":{"loc":{"start":{"line":74,"column":23},"end":{"line":74,"column":null}},"type":"cond-expr","locations":[{"start":{"line":74,"column":43},"end":{"line":74,"column":52}},{"start":{"line":74,"column":52},"end":{"line":74,"column":null}}],"line":74},"3":{"loc":{"start":{"line":75,"column":24},"end":{"line":75,"column":null}},"type":"cond-expr","locations":[{"start":{"line":75,"column":44},"end":{"line":75,"column":53}},{"start":{"line":75,"column":53},"end":{"line":75,"column":null}}],"line":75},"4":{"loc":{"start":{"line":76,"column":30},"end":{"line":76,"column":null}},"type":"cond-expr","locations":[{"start":{"line":76,"column":50},"end":{"line":76,"column":56}},{"start":{"line":76,"column":56},"end":{"line":76,"column":null}}],"line":76}},"s":{"0":0,"1":0,"2":0,"3":0,"4":0,"5":0,"6":0,"7":0,"8":0,"9":0,"10":0,"11":0,"12":0,"13":0,"14":0,"15":0,"16":0},"f":{"0":0,"1":0,"2":0,"3":0},"b":{"0":[0,0],"1":[0,0],"2":[0,0],"3":[0,0],"4":[0,0]},"meta":{"lastBranch":5,"lastFunction":4,"lastStatement":17,"seen":{"f:21:9:21:23":0,"s:22:16:22:Infinity":0,"s:23:28:23:Infinity":1,"s:24:2:41:Infinity":2,"s:24:15:24:18":3,"s:25:15:25:Infinity":4,"s:26:10:26:Infinity":5,"s:27:15:27:Infinity":6,"s:28:17:28:Infinity":7,"s:29:18:29:Infinity":8,"b:29:40:29:49:29:49:29:Infinity":0,"s:30:10:30:Infinity":9,"s:31:18:31:Infinity":10,"s:32:4:40:Infinity":11,"s:42:2:42:Infinity":12,"f:45:16:45:30":1,"s:46:20:46:Infinity":13,"f:46:34:46:40":2,"s:46:40:46:63":14,"s:48:2:83:Infinity":15,"b:50:7:50:Infinity:51:8:81:Infinity":1,"f:52:25:52:26":3,"s:53:12:79:Infinity":16,"b:74:43:74:52:74:52:74:Infinity":2,"b:75:44:75:53:75:53:75:Infinity":3,"b:76:50:76:56:76:56:76:Infinity":4}}}
,"/Users/clairedonald/focusboard/src/components/SettingsPanel.tsx": {"path":"/Users/clairedonald/focusboard/src/components/SettingsPanel.tsx","statementMap":{"0":{"start":{"line":15,"column":2},"end":{"line":15,"column":null}},"1":{"start":{"line":15,"column":13},"end":{"line":15,"column":null}},"2":{"start":{"line":17,"column":14},"end":{"line":17,"column":null}},"3":{"start":{"line":17,"column":44},"end":{"line":17,"column":null}},"4":{"start":{"line":18,"column":22},"end":{"line":18,"column":null}},"5":{"start":{"line":19,"column":21},"end":{"line":19,"column":null}},"6":{"start":{"line":20,"column":23},"end":{"line":20,"column":null}},"7":{"start":{"line":22,"column":2},"end":{"line":252,"column":null}},"8":{"start":{"line":51,"column":31},"end":{"line":51,"column":null}},"9":{"start":{"line":52,"column":18},"end":{"line":52,"column":null}},"10":{"start":{"line":52,"column":29},"end":{"line":52,"column":null}},"11":{"start":{"line":53,"column":33},"end":{"line":53,"column":null}},"12":{"start":{"line":54,"column":18},"end":{"line":57,"column":null}},"13":{"start":{"line":55,"column":35},"end":{"line":55,"column":null}},"14":{"start":{"line":56,"column":20},"end":{"line":56,"column":null}},"15":{"start":{"line":58,"column":18},"end":{"line":58,"column":null}},"16":{"start":{"line":63,"column":33},"end":{"line":63,"column":null}},"17":{"start":{"line":87,"column":18},"end":{"line":90,"column":null}},"18":{"start":{"line":99,"column":16},"end":{"line":130,"column":null}},"19":{"start":{"line":106,"column":24},"end":{"line":112,"column":null}},"20":{"start":{"line":119,"column":24},"end":{"line":125,"column":null}},"21":{"start":{"line":139,"column":16},"end":{"line":176,"column":null}},"22":{"start":{"line":145,"column":24},"end":{"line":151,"column":null}},"23":{"start":{"line":157,"column":24},"end":{"line":172,"column":null}},"24":{"start":{"line":161,"column":28},"end":{"line":167,"column":null}},"25":{"start":{"line":189,"column":31},"end":{"line":189,"column":null}},"26":{"start":{"line":202,"column":31},"end":{"line":202,"column":null}},"27":{"start":{"line":211,"column":16},"end":{"line":225,"column":null}},"28":{"start":{"line":218,"column":22},"end":{"line":221,"column":null}}},"fnMap":{"0":{"name":"SettingsPanel","decl":{"start":{"line":4,"column":16},"end":{"line":4,"column":30}},"loc":{"start":{"line":14,"column":3},"end":{"line":254,"column":null}},"line":14},"1":{"name":"(anonymous_1)","decl":{"start":{"line":17,"column":14},"end":{"line":17,"column":15}},"loc":{"start":{"line":17,"column":44},"end":{"line":17,"column":null}},"line":17},"2":{"name":"(anonymous_2)","decl":{"start":{"line":50,"column":26},"end":{"line":50,"column":27}},"loc":{"start":{"line":50,"column":33},"end":{"line":59,"column":null}},"line":50},"3":{"name":"(anonymous_3)","decl":{"start":{"line":54,"column":34},"end":{"line":54,"column":40}},"loc":{"start":{"line":54,"column":40},"end":{"line":57,"column":null}},"line":54},"4":{"name":"(anonymous_4)","decl":{"start":{"line":63,"column":27},"end":{"line":63,"column":33}},"loc":{"start":{"line":63,"column":33},"end":{"line":63,"column":null}},"line":63},"5":{"name":"(anonymous_5)","decl":{"start":{"line":86,"column":25},"end":{"line":86,"column":null}},"loc":{"start":{"line":87,"column":18},"end":{"line":90,"column":null}},"line":87},"6":{"name":"(anonymous_6)","decl":{"start":{"line":98,"column":30},"end":{"line":98,"column":31}},"loc":{"start":{"line":99,"column":16},"end":{"line":130,"column":null}},"line":99},"7":{"name":"(anonymous_7)","decl":{"start":{"line":105,"column":32},"end":{"line":105,"column":33}},"loc":{"start":{"line":106,"column":24},"end":{"line":112,"column":null}},"line":106},"8":{"name":"(anonymous_8)","decl":{"start":{"line":118,"column":32},"end":{"line":118,"column":33}},"loc":{"start":{"line":119,"column":24},"end":{"line":125,"column":null}},"line":119},"9":{"name":"(anonymous_9)","decl":{"start":{"line":138,"column":30},"end":{"line":138,"column":31}},"loc":{"start":{"line":139,"column":16},"end":{"line":176,"column":null}},"line":139},"10":{"name":"(anonymous_10)","decl":{"start":{"line":144,"column":32},"end":{"line":144,"column":33}},"loc":{"start":{"line":145,"column":24},"end":{"line":151,"column":null}},"line":145},"11":{"name":"(anonymous_11)","decl":{"start":{"line":156,"column":40},"end":{"line":156,"column":41}},"loc":{"start":{"line":157,"column":24},"end":{"line":172,"column":null}},"line":157},"12":{"name":"(anonymous_12)","decl":{"start":{"line":160,"column":35},"end":{"line":160,"column":null}},"loc":{"start":{"line":161,"column":28},"end":{"line":167,"column":null}},"line":161},"13":{"name":"(anonymous_13)","decl":{"start":{"line":189,"column":24},"end":{"line":189,"column":25}},"loc":{"start":{"line":189,"column":31},"end":{"line":189,"column":null}},"line":189},"14":{"name":"(anonymous_14)","decl":{"start":{"line":202,"column":24},"end":{"line":202,"column":25}},"loc":{"start":{"line":202,"column":31},"end":{"line":202,"column":null}},"line":202},"15":{"name":"(anonymous_15)","decl":{"start":{"line":210,"column":60},"end":{"line":210,"column":61}},"loc":{"start":{"line":211,"column":16},"end":{"line":225,"column":null}},"line":211},"16":{"name":"(anonymous_16)","decl":{"start":{"line":217,"column":30},"end":{"line":217,"column":31}},"loc":{"start":{"line":218,"column":22},"end":{"line":221,"column":null}},"line":218}},"branchMap":{"0":{"loc":{"start":{"line":15,"column":2},"end":{"line":15,"column":null}},"type":"if","locations":[{"start":{"line":15,"column":2},"end":{"line":15,"column":null}},{"start":{},"end":{}}],"line":15},"1":{"loc":{"start":{"line":52,"column":18},"end":{"line":52,"column":null}},"type":"if","locations":[{"start":{"line":52,"column":18},"end":{"line":52,"column":null}},{"start":{},"end":{}}],"line":52},"2":{"loc":{"start":{"line":55,"column":35},"end":{"line":55,"column":null}},"type":"cond-expr","locations":[{"start":{"line":55,"column":71},"end":{"line":55,"column":87}},{"start":{"line":55,"column":87},"end":{"line":55,"column":null}}],"line":55},"3":{"loc":{"start":{"line":61,"column":15},"end":{"line":67,"column":null}},"type":"binary-expr","locations":[{"start":{"line":61,"column":15},"end":{"line":61,"column":null}},{"start":{"line":62,"column":16},"end":{"line":67,"column":null}}],"line":61},"4":{"loc":{"start":{"line":71,"column":13},"end":{"line":77,"column":null}},"type":"binary-expr","locations":[{"start":{"line":71,"column":13},"end":{"line":71,"column":null}},{"start":{"line":72,"column":14},"end":{"line":77,"column":null}}],"line":71}},"s":{"0":37,"1":1,"2":36,"3":3,"4":36,"5":36,"6":36,"7":36,"8":0,"9":0,"10":0,"11":0,"12":0,"13":0,"14":0,"15":0,"16":1,"17":1,"18":216,"19":0,"20":1,"21":216,"22":1,"23":2160,"24":1,"25":1,"26":1,"27":108,"28":2},"f":{"0":37,"1":3,"2":0,"3":0,"4":1,"5":1,"6":216,"7":0,"8":1,"9":216,"10":1,"11":2160,"12":1,"13":1,"14":1,"15":108,"16":2},"b":{"0":[1,36],"1":[0,0],"2":[0,0],"3":[36,3],"4":[37,3]},"meta":{"lastBranch":5,"lastFunction":17,"lastStatement":29,"seen":{"f:4:16:4:30":0,"b:15:2:15:Infinity:undefined:undefined:undefined:undefined":0,"s:15:2:15:Infinity":0,"s:15:13:15:Infinity":1,"s:17:14:17:Infinity":2,"f:17:14:17:15":1,"s:17:44:17:Infinity":3,"s:18:22:18:Infinity":4,"s:19:21:19:Infinity":5,"s:20:23:20:Infinity":6,"s:22:2:252:Infinity":7,"f:50:26:50:27":2,"s:51:31:51:Infinity":8,"b:52:18:52:Infinity:undefined:undefined:undefined:undefined":1,"s:52:18:52:Infinity":9,"s:52:29:52:Infinity":10,"s:53:33:53:Infinity":11,"s:54:18:57:Infinity":12,"f:54:34:54:40":3,"s:55:35:55:Infinity":13,"b:55:71:55:87:55:87:55:Infinity":2,"s:56:20:56:Infinity":14,"s:58:18:58:Infinity":15,"b:61:15:61:Infinity:62:16:67:Infinity":3,"f:63:27:63:33":4,"s:63:33:63:Infinity":16,"b:71:13:71:Infinity:72:14:77:Infinity":4,"f:86:25:86:Infinity":5,"s:87:18:90:Infinity":17,"f:98:30:98:31":6,"s:99:16:130:Infinity":18,"f:105:32:105:33":7,"s:106:24:112:Infinity":19,"f:118:32:118:33":8,"s:119:24:125:Infinity":20,"f:138:30:138:31":9,"s:139:16:176:Infinity":21,"f:144:32:144:33":10,"s:145:24:151:Infinity":22,"f:156:40:156:41":11,"s:157:24:172:Infinity":23,"f:160:35:160:Infinity":12,"s:161:28:167:Infinity":24,"f:189:24:189:25":13,"s:189:31:189:Infinity":25,"f:202:24:202:25":14,"s:202:31:202:Infinity":26,"f:210:60:210:61":15,"s:211:16:225:Infinity":27,"f:217:30:217:31":16,"s:218:22:221:Infinity":28}}}
,"/Users/clairedonald/focusboard/src/components/TopStrip.tsx": {"path":"/Users/clairedonald/focusboard/src/components/TopStrip.tsx","statementMap":{"0":{"start":{"line":12,"column":2},"end":{"line":24,"column":null}}},"fnMap":{"0":{"name":"TopStrip","decl":{"start":{"line":3,"column":16},"end":{"line":3,"column":25}},"loc":{"start":{"line":11,"column":3},"end":{"line":26,"column":null}},"line":11}},"branchMap":{"0":{"loc":{"start":{"line":16,"column":44},"end":{"line":16,"column":81}},"type":"cond-expr","locations":[{"start":{"line":16,"column":56},"end":{"line":16,"column":74}},{"start":{"line":16,"column":74},"end":{"line":16,"column":81}}],"line":16}},"s":{"0":0},"f":{"0":0},"b":{"0":[0,0]},"meta":{"lastBranch":1,"lastFunction":1,"lastStatement":1,"seen":{"f:3:16:3:25":0,"s:12:2:24:Infinity":0,"b:16:56:16:74:16:74:16:81":0}}}
,"/Users/clairedonald/focusboard/src/components/WipModal.tsx": {"path":"/Users/clairedonald/focusboard/src/components/WipModal.tsx","statementMap":{"0":{"start":{"line":24,"column":30},"end":{"line":24,"column":null}},"1":{"start":{"line":26,"column":2},"end":{"line":28,"column":null}},"2":{"start":{"line":27,"column":4},"end":{"line":27,"column":null}},"3":{"start":{"line":27,"column":14},"end":{"line":27,"column":null}},"4":{"start":{"line":30,"column":2},"end":{"line":30,"column":null}},"5":{"start":{"line":30,"column":13},"end":{"line":30,"column":null}},"6":{"start":{"line":32,"column":19},"end":{"line":32,"column":null}},"7":{"start":{"line":34,"column":2},"end":{"line":72,"column":null}},"8":{"start":{"line":49,"column":31},"end":{"line":49,"column":null}},"9":{"start":{"line":65,"column":27},"end":{"line":65,"column":null}}},"fnMap":{"0":{"name":"WipModal","decl":{"start":{"line":14,"column":16},"end":{"line":14,"column":25}},"loc":{"start":{"line":23,"column":10},"end":{"line":74,"column":null}},"line":23},"1":{"name":"(anonymous_1)","decl":{"start":{"line":26,"column":18},"end":{"line":26,"column":24}},"loc":{"start":{"line":26,"column":24},"end":{"line":28,"column":5}},"line":26},"2":{"name":"(anonymous_2)","decl":{"start":{"line":49,"column":24},"end":{"line":49,"column":25}},"loc":{"start":{"line":49,"column":31},"end":{"line":49,"column":null}},"line":49},"3":{"name":"(anonymous_3)","decl":{"start":{"line":65,"column":21},"end":{"line":65,"column":27}},"loc":{"start":{"line":65,"column":27},"end":{"line":65,"column":null}},"line":65}},"branchMap":{"0":{"loc":{"start":{"line":27,"column":4},"end":{"line":27,"column":null}},"type":"if","locations":[{"start":{"line":27,"column":4},"end":{"line":27,"column":null}},{"start":{},"end":{}}],"line":27},"1":{"loc":{"start":{"line":30,"column":2},"end":{"line":30,"column":null}},"type":"if","locations":[{"start":{"line":30,"column":2},"end":{"line":30,"column":null}},{"start":{},"end":{}}],"line":30},"2":{"loc":{"start":{"line":32,"column":19},"end":{"line":32,"column":null}},"type":"cond-expr","locations":[{"start":{"line":32,"column":31},"end":{"line":32,"column":60}},{"start":{"line":32,"column":60},"end":{"line":32,"column":null}}],"line":32},"3":{"loc":{"start":{"line":41,"column":9},"end":{"line":53,"column":null}},"type":"binary-expr","locations":[{"start":{"line":41,"column":9},"end":{"line":41,"column":null}},{"start":{"line":42,"column":10},"end":{"line":53,"column":null}}],"line":41},"4":{"loc":{"start":{"line":44,"column":15},"end":{"line":44,"column":null}},"type":"binary-expr","locations":[{"start":{"line":44,"column":15},"end":{"line":44,"column":30}},{"start":{"line":44,"column":30},"end":{"line":44,"column":null}}],"line":44},"5":{"loc":{"start":{"line":65,"column":37},"end":{"line":65,"column":74}},"type":"cond-expr","locations":[{"start":{"line":65,"column":49},"end":{"line":65,"column":65}},{"start":{"line":65,"column":65},"end":{"line":65,"column":74}}],"line":65}},"s":{"0":0,"1":0,"2":0,"3":0,"4":0,"5":0,"6":0,"7":0,"8":0,"9":0},"f":{"0":0,"1":0,"2":0,"3":0},"b":{"0":[0,0],"1":[0,0],"2":[0,0],"3":[0,0],"4":[0,0],"5":[0,0]},"meta":{"lastBranch":6,"lastFunction":4,"lastStatement":10,"seen":{"f:14:16:14:25":0,"s:24:30:24:Infinity":0,"s:26:2:28:Infinity":1,"f:26:18:26:24":1,"b:27:4:27:Infinity:undefined:undefined:undefined:undefined":0,"s:27:4:27:Infinity":2,"s:27:14:27:Infinity":3,"b:30:2:30:Infinity:undefined:undefined:undefined:undefined":1,"s:30:2:30:Infinity":4,"s:30:13:30:Infinity":5,"s:32:19:32:Infinity":6,"b:32:31:32:60:32:60:32:Infinity":2,"s:34:2:72:Infinity":7,"b:41:9:41:Infinity:42:10:53:Infinity":3,"b:44:15:44:30:44:30:44:Infinity":4,"f:49:24:49:25":2,"s:49:31:49:Infinity":8,"f:65:21:65:27":3,"s:65:27:65:Infinity":9,"b:65:49:65:65:65:65:65:74":5}}}
}
